{
  "stats": {
    "suites": 9,
    "tests": 47,
    "passes": 38,
    "pending": 0,
    "failures": 9,
    "start": "2024-10-15T05:52:34.936Z",
    "end": "2024-10-15T05:55:47.696Z",
    "duration": 192760,
    "testsRegistered": 47,
    "passPercent": 80.85106382978722,
    "pendingPercent": 0,
    "other": 0,
    "hasOther": false,
    "skipped": 0,
    "hasSkipped": false
  },
  "results": [
    {
      "uuid": "5a87459f-1af0-4d21-a64b-b1d56a73e2c3",
      "title": "",
      "fullFile": "cypress\\e2e\\AgroControl.cy.js",
      "file": "cypress\\e2e\\AgroControl.cy.js",
      "beforeHooks": [],
      "afterHooks": [],
      "tests": [],
      "suites": [
        {
          "uuid": "c146fd39-47bf-4d78-ab80-124a123fb926",
          "title": "Testes de detalhes de funcionários",
          "fullFile": "",
          "file": "",
          "beforeHooks": [],
          "afterHooks": [],
          "tests": [
            {
              "title": "Detalhes de funcionario",
              "fullTitle": "Testes de detalhes de funcionários Detalhes de funcionario",
              "timedOut": null,
              "duration": 5197,
              "state": "passed",
              "speed": "medium",
              "pass": true,
              "fail": false,
              "pending": false,
              "context": null,
              "code": "login(\"guilherme@email.com\", \"ruralSenha\");\ncy.wait(2000);\ncy.visit(\"http://localhost:3001/employeedetails/68\");\ncy.get('.sc-fkJXLl').should(\"contain\", \"Detalhes do Funcionário\");\ncy.get(':nth-child(2) > .sc-irPVuy').should(\"contain\", \"68\");\ncy.get(':nth-child(3) > .sc-irPVuy').should(\"contain\", \"Jorge Lafond\");",
              "err": {},
              "uuid": "9217dcfc-6cae-444e-b0fa-22302bfe6f52",
              "parentUUID": "c146fd39-47bf-4d78-ab80-124a123fb926",
              "isHook": false,
              "skipped": false
            },
            {
              "title": "Rotas de detalhes de funcionários",
              "fullTitle": "Testes de detalhes de funcionários Rotas de detalhes de funcionários",
              "timedOut": null,
              "duration": 4834,
              "state": "passed",
              "speed": "fast",
              "pass": true,
              "fail": false,
              "pending": false,
              "context": null,
              "code": "login(\"guilherme@email.com\", \"ruralSenha\");\ncy.wait(2000);\ncy.visit(\"http://localhost:3001/employeedetails/\".concat(id_excluir_funcionario));\ncy.get('.sc-jlHfjz > :nth-child(1)').click();\ncy.url().should(\"include\", \"http://localhost:3001/employeeregistration\");\ncy.visit(\"http://localhost:3001/employeedetails/\".concat(id_excluir_funcionario));\ncy.get('.sc-hRgSog > .sc-hGNhLO').click();\ncy.url().should(\"include\", \"http://localhost:3001/home\");\ncy.visit(\"http://localhost:3001/employeedetails/\".concat(id_excluir_funcionario));\ncy.get('.sc-jlHfjz > :nth-child(2)').click();\ncy.url().should(\"include\", \"http://localhost:3001/home\");\ncy.visit(\"http://localhost:3001/employeedetails/\".concat(id_excluir_funcionario));\ncy.get('.sc-gFtjaa').should(\"contain\", \"Erro ao carregar os detalhes do funcionário.\");",
              "err": {},
              "uuid": "9fa3b390-3c4d-4d26-bf55-2c377a3df543",
              "parentUUID": "c146fd39-47bf-4d78-ab80-124a123fb926",
              "isHook": false,
              "skipped": false
            },
            {
              "title": "Detalhes de funcionário inexistente",
              "fullTitle": "Testes de detalhes de funcionários Detalhes de funcionário inexistente",
              "timedOut": null,
              "duration": 3190,
              "state": "passed",
              "speed": "fast",
              "pass": true,
              "fail": false,
              "pending": false,
              "context": null,
              "code": "login(\"guilherme@email.com\", \"ruralSenha\");\ncy.wait(2000);\ncy.visit(\"http://localhost:3001/employeedetails/9999\");\ncy.get('.sc-gFtjaa').should(\"contain\", \"Erro ao carregar os detalhes do funcionário.\");",
              "err": {},
              "uuid": "a7bf4f57-a1ee-4647-bf87-edef3c2b8bd7",
              "parentUUID": "c146fd39-47bf-4d78-ab80-124a123fb926",
              "isHook": false,
              "skipped": false
            },
            {
              "title": "Detalhes de funcionário sem login",
              "fullTitle": "Testes de detalhes de funcionários Detalhes de funcionário sem login",
              "timedOut": null,
              "duration": 165,
              "state": "passed",
              "speed": "fast",
              "pass": true,
              "fail": false,
              "pending": false,
              "context": null,
              "code": "cy.visit(\"http://localhost:3001/employeedetails/68\");\ncy.get('.sc-gFtjaa').should(\"contain\", \"Erro ao carregar os detalhes do funcionário.\");",
              "err": {},
              "uuid": "e43b0341-9624-4ad5-9b9a-5e603ee20ac1",
              "parentUUID": "c146fd39-47bf-4d78-ab80-124a123fb926",
              "isHook": false,
              "skipped": false
            }
          ],
          "suites": [],
          "passes": [
            "9217dcfc-6cae-444e-b0fa-22302bfe6f52",
            "9fa3b390-3c4d-4d26-bf55-2c377a3df543",
            "a7bf4f57-a1ee-4647-bf87-edef3c2b8bd7",
            "e43b0341-9624-4ad5-9b9a-5e603ee20ac1"
          ],
          "failures": [],
          "pending": [],
          "skipped": [],
          "duration": 13386,
          "root": false,
          "rootEmpty": false,
          "_timeout": 2000
        },
        {
          "uuid": "8593f60f-a8e2-4711-969e-a870a4609163",
          "title": "Testes de cadastro de funcionário",
          "fullFile": "",
          "file": "",
          "beforeHooks": [],
          "afterHooks": [],
          "tests": [
            {
              "title": "Cadastro de funcionário com sucesso",
              "fullTitle": "Testes de cadastro de funcionário Cadastro de funcionário com sucesso",
              "timedOut": null,
              "duration": 5744,
              "state": "passed",
              "speed": "medium",
              "pass": true,
              "fail": false,
              "pending": false,
              "context": null,
              "code": "login(\"guilherme@email.com\", \"ruralSenha\");\ncy.wait(2000);\nlet primeirosDigitos = Math.random() * (1000 - 100) + 100;\nprimeirosDigitos = Math.ceil(primeirosDigitos);\ncy.visit(\"http://localhost:3001/employeeregistration\");\ncy.get('.sc-jIyAiq').should(\"contain\", \"Cadastro de novo funcionário\");\ncy.get('.sc-lnsxGb > :nth-child(1) > .sc-iqyJx').type(\"Marcelo Rossi\");\ncy.get(':nth-child(1) > .sc-jSSkKI > .sc-iqyJx').type(primeirosDigitos.toString().concat(\".666.366-69\"));\ncy.get('.sc-frniUE > :nth-child(2) > .sc-jSSkKI > .sc-iqyJx').type(\"1996-05-20\");\ncy.get(':nth-child(3) > .sc-iqyJx').type(\"Rua José Alves de Souza\");\ncy.get(':nth-child(4) > .sc-iqyJx').type(Math.floor(Math.random() * (1000 - 100) + 100).toString().concat(\"@email.com\"));\ncy.get(':nth-child(5) > .sc-iqyJx').type(\"padre\");\ncy.get('[style=\"gap: 20px;\"] > .sc-iqyJx').type(\"6666\");\ncy.get('[type=\"submit\"]').click();\ncy.get('.Toastify__toast-body').should(\"contain\", \"Operação realizada com sucesso!\");",
              "err": {},
              "uuid": "428bcbde-a6b9-41c9-9091-a9460a36e958",
              "parentUUID": "8593f60f-a8e2-4711-969e-a870a4609163",
              "isHook": false,
              "skipped": false
            },
            {
              "title": "Cadastro de funcionário com e-mail existe",
              "fullTitle": "Testes de cadastro de funcionário Cadastro de funcionário com e-mail existe",
              "timedOut": null,
              "duration": 5455,
              "state": "passed",
              "speed": "medium",
              "pass": true,
              "fail": false,
              "pending": false,
              "context": null,
              "code": "login(\"guilherme@email.com\", \"ruralSenha\");\ncy.wait(2000);\ncy.visit(\"http://localhost:3001/employeeregistration\");\ncy.get('.sc-lnsxGb > :nth-child(1) > .sc-iqyJx').type(\"Marcelo Rossi\");\ncy.get(':nth-child(1) > .sc-jSSkKI > .sc-iqyJx').type(\"543.666.323-69\");\ncy.get('.sc-frniUE > :nth-child(2) > .sc-jSSkKI > .sc-iqyJx').type(\"1996-05-20\");\ncy.get(':nth-child(3) > .sc-iqyJx').type(\"Rua José Alves de Souza\");\ncy.get(':nth-child(4) > .sc-iqyJx').type(\"omarcelorossi@email.com\");\ncy.get(':nth-child(5) > .sc-iqyJx').type(\"padre\");\ncy.get('[style=\"gap: 20px;\"] > .sc-iqyJx').type(\"6666\");\ncy.get('[type=\"submit\"]').click();\ncy.get('.Toastify__toast-body').should(\"contain\", \"Erro ao realizar a operação!\");",
              "err": {},
              "uuid": "d79e0123-fef9-4e46-8121-d25a19ab0807",
              "parentUUID": "8593f60f-a8e2-4711-969e-a870a4609163",
              "isHook": false,
              "skipped": false
            },
            {
              "title": "Cadastro de funcionário com CPF existe",
              "fullTitle": "Testes de cadastro de funcionário Cadastro de funcionário com CPF existe",
              "timedOut": null,
              "duration": 5566,
              "state": "passed",
              "speed": "medium",
              "pass": true,
              "fail": false,
              "pending": false,
              "context": null,
              "code": "login(\"guilherme@email.com\", \"ruralSenha\");\ncy.wait(2000);\ncy.visit(\"http://localhost:3001/employeeregistration\");\ncy.get('.sc-lnsxGb > :nth-child(1) > .sc-iqyJx').type(\"Marcelo Rossi\");\ncy.get(':nth-child(1) > .sc-jSSkKI > .sc-iqyJx').type(\"543.666.320-69\");\ncy.get('.sc-frniUE > :nth-child(2) > .sc-jSSkKI > .sc-iqyJx').type(\"1996-05-20\");\ncy.get(':nth-child(3) > .sc-iqyJx').type(\"Rua José Alves de Souza\");\ncy.get(':nth-child(4) > .sc-iqyJx').type(\"ooomarcelorossi@email.com\");\ncy.get(':nth-child(5) > .sc-iqyJx').type(\"padre\");\ncy.get('[style=\"gap: 20px;\"] > .sc-iqyJx').type(\"6666\");\ncy.get('[type=\"submit\"]').click();\ncy.get('.Toastify__toast-body').should(\"contain\", \"Erro ao realizar a operação!\");",
              "err": {},
              "uuid": "79f9699f-27b6-457f-bce8-c4661eb9de85",
              "parentUUID": "8593f60f-a8e2-4711-969e-a870a4609163",
              "isHook": false,
              "skipped": false
            },
            {
              "title": "Rotas de cadastro de funcionário",
              "fullTitle": "Testes de cadastro de funcionário Rotas de cadastro de funcionário",
              "timedOut": null,
              "duration": 3141,
              "state": "passed",
              "speed": "fast",
              "pass": true,
              "fail": false,
              "pending": false,
              "context": null,
              "code": "login(\"guilherme@email.com\", \"ruralSenha\");\ncy.wait(2000);\ncy.visit(\"http://localhost:3001/employeeregistration\");\ncy.get('.sc-UblHX > :nth-child(2)').click();\ncy.url().should(\"include\", \"http://localhost:3001/home\");",
              "err": {},
              "uuid": "ef8e5e2d-bb48-4371-b030-d24fa7178cb7",
              "parentUUID": "8593f60f-a8e2-4711-969e-a870a4609163",
              "isHook": false,
              "skipped": false
            },
            {
              "title": "Cadastro de funcionário sem login",
              "fullTitle": "Testes de cadastro de funcionário Cadastro de funcionário sem login",
              "timedOut": null,
              "duration": 4336,
              "state": "failed",
              "speed": null,
              "pass": false,
              "fail": true,
              "pending": false,
              "context": "{\n  \"title\": \"cypress-mochawesome-reporter-screenshots\",\n  \"value\": [\n    [\n      \"\\\\AgroControl.cy.js\\\\Testes de cadastro de funcionário -- Cadastro de funcionário sem login (failed).png\"\n    ]\n  ]\n}",
              "code": "cy.visit(\"http://localhost:3001/employeeregistration\");\ncy.get('.sc-gFtjaa').should(\"contain\", \"Erro ao carregar cadastro de funcionário.\");",
              "err": {
                "message": "AssertionError: Timed out retrying after 4000ms: Expected to find element: `.sc-gFtjaa`, but never found it.",
                "estack": "AssertionError: Timed out retrying after 4000ms: Expected to find element: `.sc-gFtjaa`, but never found it.\n    at Context.eval (webpack:///./cypress/e2e/AgroControl.cy.js:104:25)",
                "diff": null
              },
              "uuid": "6eb594b9-49b0-4886-872a-1dd89e2819f3",
              "parentUUID": "8593f60f-a8e2-4711-969e-a870a4609163",
              "isHook": false,
              "skipped": false
            }
          ],
          "suites": [],
          "passes": [
            "428bcbde-a6b9-41c9-9091-a9460a36e958",
            "d79e0123-fef9-4e46-8121-d25a19ab0807",
            "79f9699f-27b6-457f-bce8-c4661eb9de85",
            "ef8e5e2d-bb48-4371-b030-d24fa7178cb7"
          ],
          "failures": [
            "6eb594b9-49b0-4886-872a-1dd89e2819f3"
          ],
          "pending": [],
          "skipped": [],
          "duration": 24242,
          "root": false,
          "rootEmpty": false,
          "_timeout": 2000
        },
        {
          "uuid": "41c261a8-c1ad-4598-8130-84d4f8ce8ef6",
          "title": "Testes de gerenciamento de funcionário",
          "fullFile": "",
          "file": "",
          "beforeHooks": [],
          "afterHooks": [],
          "tests": [
            {
              "title": "Gerenciamento de funcionário",
              "fullTitle": "Testes de gerenciamento de funcionário Gerenciamento de funcionário",
              "timedOut": null,
              "duration": 3092,
              "state": "passed",
              "speed": "fast",
              "pass": true,
              "fail": false,
              "pending": false,
              "context": null,
              "code": "login(\"guilherme@email.com\", \"ruralSenha\");\ncy.wait(2000);\ncy.visit(\"http://localhost:3001/employees\");\ncy.get('.sc-bOdUTf').should(\"contain\", \"Gerenciamento de Funcionários\");",
              "err": {},
              "uuid": "8f5bd641-8fab-4e0f-8991-27bb8be1b9d6",
              "parentUUID": "41c261a8-c1ad-4598-8130-84d4f8ce8ef6",
              "isHook": false,
              "skipped": false
            },
            {
              "title": "Teste de busca por funcionário",
              "fullTitle": "Testes de gerenciamento de funcionário Teste de busca por funcionário",
              "timedOut": null,
              "duration": 3521,
              "state": "passed",
              "speed": "fast",
              "pass": true,
              "fail": false,
              "pending": false,
              "context": null,
              "code": "login(\"guilherme@email.com\", \"ruralSenha\");\ncy.wait(2000);\ncy.visit(\"http://localhost:3001/employees\");\ncy.get('.sc-etPtWW').type(\"Benedito Carlos Rodrigues\", {\n  force: true\n});\ncy.get('tbody > :nth-child(1) > :nth-child(1)').should(\"contain\", \"Benedito Carlos Rodrigues\");",
              "err": {},
              "uuid": "be823727-111d-44d3-a6de-751263a76206",
              "parentUUID": "41c261a8-c1ad-4598-8130-84d4f8ce8ef6",
              "isHook": false,
              "skipped": false
            },
            {
              "title": "Teste de busca por função",
              "fullTitle": "Testes de gerenciamento de funcionário Teste de busca por função",
              "timedOut": null,
              "duration": 3327,
              "state": "passed",
              "speed": "fast",
              "pass": true,
              "fail": false,
              "pending": false,
              "context": null,
              "code": "login(\"guilherme@email.com\", \"ruralSenha\");\ncy.wait(2000);\ncy.visit(\"http://localhost:3001/employees\");\ncy.get('.sc-etPtWW').type(\"Cozinheira\", {\n  force: true\n});\ncy.get('tbody > :nth-child(1) > :nth-child(3)').should(\"contain\", \"Cozinheira\");",
              "err": {},
              "uuid": "2867ad6f-1cd7-4b91-8e2a-bcb0de8b8172",
              "parentUUID": "41c261a8-c1ad-4598-8130-84d4f8ce8ef6",
              "isHook": false,
              "skipped": false
            },
            {
              "title": "Teste de busca por funcionário inexistente",
              "fullTitle": "Testes de gerenciamento de funcionário Teste de busca por funcionário inexistente",
              "timedOut": null,
              "duration": 3280,
              "state": "passed",
              "speed": "fast",
              "pass": true,
              "fail": false,
              "pending": false,
              "context": null,
              "code": "login(\"guilherme@email.com\", \"ruralSenha\");\ncy.wait(2000);\ncy.visit(\"http://localhost:3001/employees\");\ncy.get('.sc-etPtWW').type(\"Inexistente\", {\n  force: true\n});\ncy.get('tbody > :nth-child(1) > :nth-child(1)').should(\"not.exist\");",
              "err": {},
              "uuid": "0b2b2294-ddb4-4478-bf29-154d1ec40396",
              "parentUUID": "41c261a8-c1ad-4598-8130-84d4f8ce8ef6",
              "isHook": false,
              "skipped": false
            },
            {
              "title": "Teste de busca por função\tinexistente",
              "fullTitle": "Testes de gerenciamento de funcionário Teste de busca por função\tinexistente",
              "timedOut": null,
              "duration": 3413,
              "state": "passed",
              "speed": "fast",
              "pass": true,
              "fail": false,
              "pending": false,
              "context": null,
              "code": "login(\"guilherme@email.com\", \"ruralSenha\");\ncy.wait(2000);\ncy.visit(\"http://localhost:3001/employees\");\ncy.get('.sc-etPtWW').type(\"Inexistente\", {\n  force: true\n});\ncy.get('tbody > :nth-child(1) > :nth-child(3)').should(\"not.exist\");",
              "err": {},
              "uuid": "83ad543f-6d26-4e24-9183-fc0bd806c3b5",
              "parentUUID": "41c261a8-c1ad-4598-8130-84d4f8ce8ef6",
              "isHook": false,
              "skipped": false
            },
            {
              "title": "Rotas de gerenciamento de serviços",
              "fullTitle": "Testes de gerenciamento de funcionário Rotas de gerenciamento de serviços",
              "timedOut": null,
              "duration": 7242,
              "state": "failed",
              "speed": null,
              "pass": false,
              "fail": true,
              "pending": false,
              "context": "{\n  \"title\": \"cypress-mochawesome-reporter-screenshots\",\n  \"value\": [\n    [\n      \"\\\\AgroControl.cy.js\\\\Testes de gerenciamento de funcionário -- Rotas de gerenciamento de serviços (failed).png\"\n    ]\n  ]\n}",
              "code": "login(\"guilherme@email.com\", \"ruralSenha\");\ncy.wait(2000);\ncy.visit(\"http://localhost:3001/employees\");\ncy.get('.sc-iPHsxv').click({\n  force: true\n});\ncy.url().should(\"include\", \"http://localhost:3001/employeeregistration\");\ncy.visit(\"http://localhost:3001/employees\");\ncy.get('.sc-duWCru').click({\n  force: true\n});\n//cy.url().should(\"include\", \"http://localhost:3001/exportaremployee\") - pagina ainda não existente",
              "err": {
                "message": "AssertionError: Timed out retrying after 4000ms: expected 'http://localhost:3001/employees' to include 'http://localhost:3001/employeeregistration'",
                "estack": "AssertionError: Timed out retrying after 4000ms: expected 'http://localhost:3001/employees' to include 'http://localhost:3001/employeeregistration'\n    at Context.eval (webpack:///./cypress/e2e/AgroControl.cy.js:153:13)",
                "diff": null
              },
              "uuid": "feda2975-91ab-47be-b24e-c24752a32be3",
              "parentUUID": "41c261a8-c1ad-4598-8130-84d4f8ce8ef6",
              "isHook": false,
              "skipped": false
            },
            {
              "title": "Gerenciamento de servicos sem login",
              "fullTitle": "Testes de gerenciamento de funcionário Gerenciamento de servicos sem login",
              "timedOut": null,
              "duration": 4273,
              "state": "failed",
              "speed": null,
              "pass": false,
              "fail": true,
              "pending": false,
              "context": "{\n  \"title\": \"cypress-mochawesome-reporter-screenshots\",\n  \"value\": [\n    [\n      \"\\\\AgroControl.cy.js\\\\Testes de gerenciamento de funcionário -- Gerenciamento de servicos sem login (failed).png\"\n    ]\n  ]\n}",
              "code": "cy.visit(\"http://localhost:3001/employees\");\ncy.get('.sc-gFtjaa').should(\"contain\", \"Erro ao carregar gerenciamento de serviços.\");",
              "err": {
                "message": "AssertionError: Timed out retrying after 4000ms: Expected to find element: `.sc-gFtjaa`, but never found it.",
                "estack": "AssertionError: Timed out retrying after 4000ms: Expected to find element: `.sc-gFtjaa`, but never found it.\n    at Context.eval (webpack:///./cypress/e2e/AgroControl.cy.js:161:25)",
                "diff": null
              },
              "uuid": "4bd7c54c-becf-43c3-9fd8-a4213a12e9ca",
              "parentUUID": "41c261a8-c1ad-4598-8130-84d4f8ce8ef6",
              "isHook": false,
              "skipped": false
            }
          ],
          "suites": [],
          "passes": [
            "8f5bd641-8fab-4e0f-8991-27bb8be1b9d6",
            "be823727-111d-44d3-a6de-751263a76206",
            "2867ad6f-1cd7-4b91-8e2a-bcb0de8b8172",
            "0b2b2294-ddb4-4478-bf29-154d1ec40396",
            "83ad543f-6d26-4e24-9183-fc0bd806c3b5"
          ],
          "failures": [
            "feda2975-91ab-47be-b24e-c24752a32be3",
            "4bd7c54c-becf-43c3-9fd8-a4213a12e9ca"
          ],
          "pending": [],
          "skipped": [],
          "duration": 28148,
          "root": false,
          "rootEmpty": false,
          "_timeout": 2000
        },
        {
          "uuid": "26c693fe-c04a-4864-a2a8-9b933c9119b6",
          "title": "Testes de home",
          "fullFile": "",
          "file": "",
          "beforeHooks": [],
          "afterHooks": [],
          "tests": [
            {
              "title": "Rotas do menu",
              "fullTitle": "Testes de home Rotas do menu",
              "timedOut": null,
              "duration": 6839,
              "state": "passed",
              "speed": "medium",
              "pass": true,
              "fail": false,
              "pending": false,
              "context": null,
              "code": "login(\"guilherme@email.com\", \"ruralSenha\");\ncy.wait(2000);\ncy.visit(\"http://localhost:3001/employeeregistration\");\ncy.get('svg path[d=\"M32 96v64h448V96H32zm0 128v64h448v-64H32zm0 128v64h448v-64H32z\"]').click();\ncy.get('[href=\"/home\"]').click();\ncy.url().should(\"include\", \"http://localhost:3001/home\");\ncy.visit(\"http://localhost:3001/employeeregistration\");\ncy.get('svg path[d=\"M32 96v64h448V96H32zm0 128v64h448v-64H32zm0 128v64h448v-64H32z\"]').click();\ncy.get('[href=\"/registerfinances\"]').click();\ncy.url().should(\"include\", \"http://localhost:3001/registerfinances\");\ncy.visit(\"http://localhost:3001/employeeregistration\");\ncy.get('svg path[d=\"M32 96v64h448V96H32zm0 128v64h448v-64H32zm0 128v64h448v-64H32z\"]').click();\ncy.get('[href=\"/services\"]').click();\ncy.url().should(\"include\", \"http://localhost:3001/services\");\ncy.visit(\"http://localhost:3001/employeeregistration\");\ncy.get('svg path[d=\"M32 96v64h448V96H32zm0 128v64h448v-64H32zm0 128v64h448v-64H32z\"]').click();\ncy.get('[href=\"/employeeregistration\"]').click();\ncy.url().should(\"include\", \"http://localhost:3001/employeeregistration\");\ncy.visit(\"http://localhost:3001/employeeregistration\");\ncy.get('svg path[d=\"M32 96v64h448V96H32zm0 128v64h448v-64H32zm0 128v64h448v-64H32z\"]').click();\ncy.get('[href=\"/employees\"]').click();\ncy.url().should(\"include\", \"http://localhost:3001/employees\");\ncy.visit(\"http://localhost:3001/employeeregistration\");\ncy.get('svg path[d=\"M32 96v64h448V96H32zm0 128v64h448v-64H32zm0 128v64h448v-64H32z\"]').click();\ncy.get('[href=\"/suporte\"]').click();\ncy.url().should(\"include\", \"http://localhost:3001/suporte\");",
              "err": {},
              "uuid": "b981acfc-44dd-4260-a179-f0846c90bd07",
              "parentUUID": "26c693fe-c04a-4864-a2a8-9b933c9119b6",
              "isHook": false,
              "skipped": false
            }
          ],
          "suites": [],
          "passes": [
            "b981acfc-44dd-4260-a179-f0846c90bd07"
          ],
          "failures": [],
          "pending": [],
          "skipped": [],
          "duration": 6839,
          "root": false,
          "rootEmpty": false,
          "_timeout": 2000
        },
        {
          "uuid": "8c36d058-8924-40e6-b161-5e10da9b6e90",
          "title": "Testes de login",
          "fullFile": "",
          "file": "",
          "beforeHooks": [],
          "afterHooks": [],
          "tests": [
            {
              "title": "Teste de login com sucesso",
              "fullTitle": "Testes de login Teste de login com sucesso",
              "timedOut": null,
              "duration": 1712,
              "state": "passed",
              "speed": "fast",
              "pass": true,
              "fail": false,
              "pending": false,
              "context": null,
              "code": "login(\"guilherme@email.com\", \"ruralSenha\");\ncy.url().should(\"include\", \"http://localhost:3001/home\");\ncy.get('.Toastify__toast-body').should(\"contain\", \"Operação realizada com sucesso!\");",
              "err": {},
              "uuid": "ed8c1ff6-4c4c-4536-b96c-e2ef56099e64",
              "parentUUID": "8c36d058-8924-40e6-b161-5e10da9b6e90",
              "isHook": false,
              "skipped": false
            },
            {
              "title": "Teste de login com usuário inexistente",
              "fullTitle": "Testes de login Teste de login com usuário inexistente",
              "timedOut": null,
              "duration": 914,
              "state": "passed",
              "speed": "fast",
              "pass": true,
              "fail": false,
              "pending": false,
              "context": null,
              "code": "login(\"teste@email.com\", \"ruralSenha\");\ncy.url().should(\"include\", \"http://localhost:3001\");\ncy.get('.Toastify__toast-body').should(\"contain\", \"Erro ao realizar a operação!\");",
              "err": {},
              "uuid": "dad0fd07-94ad-4863-b3fc-d7c379612891",
              "parentUUID": "8c36d058-8924-40e6-b161-5e10da9b6e90",
              "isHook": false,
              "skipped": false
            },
            {
              "title": "Teste de login com senha incorreta",
              "fullTitle": "Testes de login Teste de login com senha incorreta",
              "timedOut": null,
              "duration": 1115,
              "state": "passed",
              "speed": "fast",
              "pass": true,
              "fail": false,
              "pending": false,
              "context": null,
              "code": "login(\"guilherme@email.com\", \"teste\");\ncy.url().should(\"include\", \"http://localhost:3001\");\ncy.get('.Toastify__toast-body').should(\"contain\", \"Erro ao realizar a operação!\");",
              "err": {},
              "uuid": "a4f2b549-10e7-49db-8004-c7e365a1e989",
              "parentUUID": "8c36d058-8924-40e6-b161-5e10da9b6e90",
              "isHook": false,
              "skipped": false
            }
          ],
          "suites": [],
          "passes": [
            "ed8c1ff6-4c4c-4536-b96c-e2ef56099e64",
            "dad0fd07-94ad-4863-b3fc-d7c379612891",
            "a4f2b549-10e7-49db-8004-c7e365a1e989"
          ],
          "failures": [],
          "pending": [],
          "skipped": [],
          "duration": 3741,
          "root": false,
          "rootEmpty": false,
          "_timeout": 2000
        },
        {
          "uuid": "3d0777a7-c69c-43a9-904c-b4c9410364cf",
          "title": "Testes de relatório financeiro",
          "fullFile": "",
          "file": "",
          "beforeHooks": [],
          "afterHooks": [],
          "tests": [
            {
              "title": "Cadastro de relatório financeiro com sucesso",
              "fullTitle": "Testes de relatório financeiro Cadastro de relatório financeiro com sucesso",
              "timedOut": null,
              "duration": 5013,
              "state": "passed",
              "speed": "medium",
              "pass": true,
              "fail": false,
              "pending": false,
              "context": null,
              "code": "login(\"guilherme@email.com\", \"ruralSenha\");\ncy.wait(2000);\ncy.visit(\"http://localhost:3001/registerfinances\");\ncy.get('h2').should(\"contain\", \"Relatório Financeiro\");\ncy.get('.sc-cSzYSJ').invoke('val', '2024-10-12').trigger('change');\ncy.get('.sc-edmcci > .sc-kpAHqd').select(\"1\");\ncy.get('.sc-fIfZzT > .sc-kpAHqd').select(\"68\");\ncy.get('.sc-ljLmeM').type(\"66600\");\ncy.get('.sc-jdeYMN > .sc-kpAHqd').select(\"PENDENTE\");\ncy.get('.sc-gqYRWL').type(\"Teste de relatório financeiro\");\ncy.get('[type=\"submit\"]').click();\ncy.get('.Toastify__toast-body').should(\"contain\", \"Operação realizada com sucesso!\");",
              "err": {},
              "uuid": "318864b9-8584-40e8-8e97-336af9272e84",
              "parentUUID": "3d0777a7-c69c-43a9-904c-b4c9410364cf",
              "isHook": false,
              "skipped": false
            },
            {
              "title": "Cadastro de relatório financeiro sem data",
              "fullTitle": "Testes de relatório financeiro Cadastro de relatório financeiro sem data",
              "timedOut": null,
              "duration": 5054,
              "state": "passed",
              "speed": "medium",
              "pass": true,
              "fail": false,
              "pending": false,
              "context": null,
              "code": "login(\"guilherme@email.com\", \"ruralSenha\");\ncy.wait(2000);\ncy.visit(\"http://localhost:3001/registerfinances\");\ncy.get('.sc-edmcci > .sc-kpAHqd').select(\"1\");\ncy.get('.sc-fIfZzT > .sc-kpAHqd').select(\"68\");\ncy.get('.sc-ljLmeM').type(\"66600\");\ncy.get('.sc-jdeYMN > .sc-kpAHqd').select(\"PENDENTE\");\ncy.get('.sc-gqYRWL').type(\"Teste de relatório financeiro\");\ncy.get('[type=\"submit\"]').click();\ncy.wait(500);\ncy.get('.Toastify__toast-body').should('not.exist');",
              "err": {},
              "uuid": "2707b82a-dff1-45b9-b6e0-b3b018f38bf5",
              "parentUUID": "3d0777a7-c69c-43a9-904c-b4c9410364cf",
              "isHook": false,
              "skipped": false
            },
            {
              "title": "Cadastro de relatório financeiro sem tipo de serviço",
              "fullTitle": "Testes de relatório financeiro Cadastro de relatório financeiro sem tipo de serviço",
              "timedOut": null,
              "duration": 4920,
              "state": "passed",
              "speed": "fast",
              "pass": true,
              "fail": false,
              "pending": false,
              "context": null,
              "code": "login(\"guilherme@email.com\", \"ruralSenha\");\ncy.wait(2000);\ncy.visit(\"http://localhost:3001/registerfinances\");\ncy.get('.sc-cSzYSJ').invoke('val', '2024-10-12').trigger('change');\ncy.get('.sc-fIfZzT > .sc-kpAHqd').select(\"68\");\ncy.get('.sc-ljLmeM').type(\"66600\");\ncy.get('.sc-jdeYMN > .sc-kpAHqd').select(\"PENDENTE\");\ncy.get('.sc-gqYRWL').type(\"Teste de relatório financeiro\");\ncy.get('[type=\"submit\"]').click();\ncy.wait(500);\ncy.get('.Toastify__toast-body').should('not.exist');",
              "err": {},
              "uuid": "960134a1-2115-43c7-8fb0-76465891d5b4",
              "parentUUID": "3d0777a7-c69c-43a9-904c-b4c9410364cf",
              "isHook": false,
              "skipped": false
            },
            {
              "title": "Cadastro de relatório financeiro sem responsável",
              "fullTitle": "Testes de relatório financeiro Cadastro de relatório financeiro sem responsável",
              "timedOut": null,
              "duration": 4953,
              "state": "passed",
              "speed": "fast",
              "pass": true,
              "fail": false,
              "pending": false,
              "context": null,
              "code": "login(\"guilherme@email.com\", \"ruralSenha\");\ncy.wait(2000);\ncy.visit(\"http://localhost:3001/registerfinances\");\ncy.get('.sc-cSzYSJ').invoke('val', '2024-10-12').trigger('change');\ncy.get('.sc-edmcci > .sc-kpAHqd').select(\"1\");\ncy.get('.sc-ljLmeM').type(\"66600\");\ncy.get('.sc-jdeYMN > .sc-kpAHqd').select(\"PENDENTE\");\ncy.get('.sc-gqYRWL').type(\"Teste de relatório financeiro\");\ncy.get('[type=\"submit\"]').click();\ncy.wait(500);\ncy.get('.Toastify__toast-body').should('not.exist');",
              "err": {},
              "uuid": "fd4260fd-a64e-4598-ab38-980cfe4effb1",
              "parentUUID": "3d0777a7-c69c-43a9-904c-b4c9410364cf",
              "isHook": false,
              "skipped": false
            },
            {
              "title": "Cadastro de relatório financeiro sem valor",
              "fullTitle": "Testes de relatório financeiro Cadastro de relatório financeiro sem valor",
              "timedOut": null,
              "duration": 4510,
              "state": "failed",
              "speed": null,
              "pass": false,
              "fail": true,
              "pending": false,
              "context": "{\n  \"title\": \"cypress-mochawesome-reporter-screenshots\",\n  \"value\": [\n    [\n      \"\\\\AgroControl.cy.js\\\\Testes de relatório financeiro -- Cadastro de relatório financeiro sem valor (failed).png\"\n    ]\n  ]\n}",
              "code": "login(\"guilherme@email.com\", \"ruralSenha\");\ncy.wait(2000);\ncy.visit(\"http://localhost:3001/registerfinances\");\ncy.get('.sc-cSzYSJ').invoke('val', '2024-10-12').trigger('change');\ncy.get('.sc-edmcci > .sc-kpAHqd').select(\"1\");\ncy.get('.sc-fIfZzT > .sc-kpAHqd').select(\"68\");\ncy.get('.sc-jdeYMN > .sc-kpAHqd').select(\"PENDENTE\");\ncy.get('.sc-gqYRWL').type(\"Teste de relatório financeiro\");\ncy.get('[type=\"submit\"]').click();\ncy.wait(500);\ncy.get('.Toastify__toast-body').should('not.exist');",
              "err": {
                "message": "AxiosError: The following error originated from your application code, not from Cypress. It was caused by an unhandled promise rejection.\n\n  > Request failed with status code 400\n\nWhen Cypress detects uncaught errors originating from your application it will automatically fail the current test.\n\nThis behavior is configurable, and you can choose to turn this off by listening to the `uncaught:exception` event.\n\nhttps://on.cypress.io/uncaught-exception-from-application",
                "estack": "AxiosError: The following error originated from your application code, not from Cypress. It was caused by an unhandled promise rejection.\n\n  > Request failed with status code 400\n\nWhen Cypress detects uncaught errors originating from your application it will automatically fail the current test.\n\nThis behavior is configurable, and you can choose to turn this off by listening to the `uncaught:exception` event.\n\nhttps://on.cypress.io/uncaught-exception-from-application\n    at settle (http://localhost:3001/static/js/bundle.js:79402:12)\n    at XMLHttpRequest.onloadend (http://localhost:3001/static/js/bundle.js:78065:66)\n    at Axios.request (http://localhost:3001/static/js/bundle.js:78555:41)\n    at async createService (http://localhost:3001/static/js/bundle.js:5199:24)",
                "diff": null
              },
              "uuid": "e736bb34-4d7f-4b68-95de-ad4cd5e788b3",
              "parentUUID": "3d0777a7-c69c-43a9-904c-b4c9410364cf",
              "isHook": false,
              "skipped": false
            },
            {
              "title": "Cadastro de relatório financeiro sem status",
              "fullTitle": "Testes de relatório financeiro Cadastro de relatório financeiro sem status",
              "timedOut": null,
              "duration": 5048,
              "state": "passed",
              "speed": "medium",
              "pass": true,
              "fail": false,
              "pending": false,
              "context": null,
              "code": "login(\"guilherme@email.com\", \"ruralSenha\");\ncy.wait(2000);\ncy.visit(\"http://localhost:3001/registerfinances\");\ncy.get('.sc-cSzYSJ').invoke('val', '2024-10-12').trigger('change');\ncy.get('.sc-edmcci > .sc-kpAHqd').select(\"1\");\ncy.get('.sc-fIfZzT > .sc-kpAHqd').select(\"68\");\ncy.get('.sc-ljLmeM').type(\"66600\");\ncy.get('.sc-gqYRWL').type(\"Teste de relatório financeiro\");\ncy.get('[type=\"submit\"]').click();\ncy.wait(500);\ncy.get('.Toastify__toast-body').should('not.exist');",
              "err": {},
              "uuid": "31d470eb-5e73-469d-887c-fe84cda8cdc6",
              "parentUUID": "3d0777a7-c69c-43a9-904c-b4c9410364cf",
              "isHook": false,
              "skipped": false
            },
            {
              "title": "Cadastro de relatório financeiro sem observações",
              "fullTitle": "Testes de relatório financeiro Cadastro de relatório financeiro sem observações",
              "timedOut": null,
              "duration": 4462,
              "state": "passed",
              "speed": "fast",
              "pass": true,
              "fail": false,
              "pending": false,
              "context": null,
              "code": "login(\"guilherme@email.com\", \"ruralSenha\");\ncy.wait(2000);\ncy.visit(\"http://localhost:3001/registerfinances\");\ncy.get('.sc-cSzYSJ').invoke('val', '2024-10-12').trigger('change');\ncy.get('.sc-edmcci > .sc-kpAHqd').select(\"1\");\ncy.get('.sc-fIfZzT > .sc-kpAHqd').select(\"68\");\ncy.get('.sc-ljLmeM').type(\"66600\");\ncy.get('[type=\"submit\"]').click();\ncy.wait(500);\ncy.get('.Toastify__toast-body').should('not.exist');",
              "err": {},
              "uuid": "77806811-8776-4abd-a524-a43c54c3b928",
              "parentUUID": "3d0777a7-c69c-43a9-904c-b4c9410364cf",
              "isHook": false,
              "skipped": false
            },
            {
              "title": "Rotas de relatório financeiro",
              "fullTitle": "Testes de relatório financeiro Rotas de relatório financeiro",
              "timedOut": null,
              "duration": 7299,
              "state": "failed",
              "speed": null,
              "pass": false,
              "fail": true,
              "pending": false,
              "context": "{\n  \"title\": \"cypress-mochawesome-reporter-screenshots\",\n  \"value\": [\n    [\n      \"\\\\AgroControl.cy.js\\\\Testes de relatório financeiro -- Rotas de relatório financeiro (failed).png\"\n    ]\n  ]\n}",
              "code": "login(\"guilherme@email.com\", \"ruralSenha\");\ncy.wait(2000);\ncy.visit(\"http://localhost:3001/registerfinances\");\ncy.get('.sc-iRLAEC > div > :nth-child(1)').click();\ncy.url().should(\"include\", \"http://localhost:3001/home\");",
              "err": {
                "message": "AssertionError: Timed out retrying after 4000ms: expected 'http://localhost:3001/registerfinances' to include 'http://localhost:3001/home'",
                "estack": "AssertionError: Timed out retrying after 4000ms: expected 'http://localhost:3001/registerfinances' to include 'http://localhost:3001/home'\n    at Context.eval (webpack:///./cypress/e2e/AgroControl.cy.js:320:13)",
                "diff": null
              },
              "uuid": "7f8ef799-f324-4a10-b3b8-f6cc5a24508f",
              "parentUUID": "3d0777a7-c69c-43a9-904c-b4c9410364cf",
              "isHook": false,
              "skipped": false
            },
            {
              "title": "Relatório financeiro sem login",
              "fullTitle": "Testes de relatório financeiro Relatório financeiro sem login",
              "timedOut": null,
              "duration": 499,
              "state": "failed",
              "speed": null,
              "pass": false,
              "fail": true,
              "pending": false,
              "context": "{\n  \"title\": \"cypress-mochawesome-reporter-screenshots\",\n  \"value\": [\n    [\n      \"\\\\AgroControl.cy.js\\\\Testes de relatório financeiro -- Relatório financeiro sem login (failed).png\"\n    ]\n  ]\n}",
              "code": "cy.visit(\"http://localhost:3001/registerfinances\");\ncy.get('.sc-gFtjaa').should(\"contain\", \"Erro ao carregar os detalhes do funcionário.\");",
              "err": {
                "message": "AxiosError: The following error originated from your application code, not from Cypress. It was caused by an unhandled promise rejection.\n\n  > Request failed with status code 401\n\nWhen Cypress detects uncaught errors originating from your application it will automatically fail the current test.\n\nThis behavior is configurable, and you can choose to turn this off by listening to the `uncaught:exception` event.\n\nhttps://on.cypress.io/uncaught-exception-from-application",
                "estack": "AxiosError: The following error originated from your application code, not from Cypress. It was caused by an unhandled promise rejection.\n\n  > Request failed with status code 401\n\nWhen Cypress detects uncaught errors originating from your application it will automatically fail the current test.\n\nThis behavior is configurable, and you can choose to turn this off by listening to the `uncaught:exception` event.\n\nhttps://on.cypress.io/uncaught-exception-from-application\n    at settle (http://localhost:3001/static/js/bundle.js:79402:12)\n    at XMLHttpRequest.onloadend (http://localhost:3001/static/js/bundle.js:78065:66)\n    at Axios.request (http://localhost:3001/static/js/bundle.js:78555:41)\n    at async getAllTiposServico (http://localhost:3001/static/js/bundle.js:5219:22)",
                "diff": null
              },
              "uuid": "9230a8bc-8957-4720-bc5c-039b83798dae",
              "parentUUID": "3d0777a7-c69c-43a9-904c-b4c9410364cf",
              "isHook": false,
              "skipped": false
            }
          ],
          "suites": [],
          "passes": [
            "318864b9-8584-40e8-8e97-336af9272e84",
            "2707b82a-dff1-45b9-b6e0-b3b018f38bf5",
            "960134a1-2115-43c7-8fb0-76465891d5b4",
            "fd4260fd-a64e-4598-ab38-980cfe4effb1",
            "31d470eb-5e73-469d-887c-fe84cda8cdc6",
            "77806811-8776-4abd-a524-a43c54c3b928"
          ],
          "failures": [
            "e736bb34-4d7f-4b68-95de-ad4cd5e788b3",
            "7f8ef799-f324-4a10-b3b8-f6cc5a24508f",
            "9230a8bc-8957-4720-bc5c-039b83798dae"
          ],
          "pending": [],
          "skipped": [],
          "duration": 41758,
          "root": false,
          "rootEmpty": false,
          "_timeout": 2000
        },
        {
          "uuid": "9dc4cef1-b99a-4a63-b018-f256414b3763",
          "title": "Testes de cadastro de nova receita",
          "fullFile": "",
          "file": "",
          "beforeHooks": [],
          "afterHooks": [],
          "tests": [
            {
              "title": "Cadastro de nova receita com sucesso",
              "fullTitle": "Testes de cadastro de nova receita Cadastro de nova receita com sucesso",
              "timedOut": null,
              "duration": 4569,
              "state": "passed",
              "speed": "fast",
              "pass": true,
              "fail": false,
              "pending": false,
              "context": null,
              "code": "login(\"guilherme@email.com\", \"ruralSenha\");\ncy.wait(2000);\ncy.visit(\"http://localhost:3001/RegistrarReceitas\");\ncy.get('h2').should(\"contain\", \"Nova receita\");\ncy.get('.sc-PBvYm > .sc-bdbhkv').select(\"2\");\ncy.get('.sc-boxNXC').type(\"666\");\ncy.get('.sc-ebFFfp').type(\"Teste de receita\");\ncy.get('.sc-fjBUEo > .sc-bdbhkv').select(\"Sim\");\ncy.get('[type=\"submit\"]').click();\ncy.get('.Toastify__toast-body').should(\"contain\", \"Operação realizada com sucesso!\");",
              "err": {},
              "uuid": "4b1b744a-6901-4bbf-a0f4-dfa392e990a0",
              "parentUUID": "9dc4cef1-b99a-4a63-b018-f256414b3763",
              "isHook": false,
              "skipped": false
            },
            {
              "title": "Cadastro de nova receita sem categoria",
              "fullTitle": "Testes de cadastro de nova receita Cadastro de nova receita sem categoria",
              "timedOut": null,
              "duration": 4519,
              "state": "passed",
              "speed": "fast",
              "pass": true,
              "fail": false,
              "pending": false,
              "context": null,
              "code": "login(\"guilherme@email.com\", \"ruralSenha\");\ncy.wait(2000);\ncy.visit(\"http://localhost:3001/RegistrarReceitas\");\ncy.get('.sc-boxNXC').type(\"666\");\ncy.get('.sc-ebFFfp').type(\"Teste de receita\");\ncy.get('.sc-fjBUEo > .sc-bdbhkv').select(\"Sim\");\ncy.get('[type=\"submit\"]').click();\ncy.wait(500);\ncy.get('.Toastify__toast-body').should('not.exist');",
              "err": {},
              "uuid": "cbe5aaf8-41a8-4b98-a2e6-4e666bdcc40a",
              "parentUUID": "9dc4cef1-b99a-4a63-b018-f256414b3763",
              "isHook": false,
              "skipped": false
            },
            {
              "title": "Cadastro de nova receita sem valor",
              "fullTitle": "Testes de cadastro de nova receita Cadastro de nova receita sem valor",
              "timedOut": null,
              "duration": 4588,
              "state": "passed",
              "speed": "fast",
              "pass": true,
              "fail": false,
              "pending": false,
              "context": null,
              "code": "login(\"guilherme@email.com\", \"ruralSenha\");\ncy.wait(2000);\ncy.visit(\"http://localhost:3001/RegistrarReceitas\");\ncy.get('.sc-PBvYm > .sc-bdbhkv').select(\"2\");\ncy.get('.sc-ebFFfp').type(\"Teste de receita\");\ncy.get('.sc-fjBUEo > .sc-bdbhkv').select(\"Sim\");\ncy.get('[type=\"submit\"]').click();\ncy.wait(500);\ncy.get('.Toastify__toast-body').should('not.exist');",
              "err": {},
              "uuid": "818e3fa6-0f29-49fe-9315-61ed93579142",
              "parentUUID": "9dc4cef1-b99a-4a63-b018-f256414b3763",
              "isHook": false,
              "skipped": false
            },
            {
              "title": "Cadastro de nova receita sem observações",
              "fullTitle": "Testes de cadastro de nova receita Cadastro de nova receita sem observações",
              "timedOut": null,
              "duration": 4385,
              "state": "passed",
              "speed": "fast",
              "pass": true,
              "fail": false,
              "pending": false,
              "context": null,
              "code": "login(\"guilherme@email.com\", \"ruralSenha\");\ncy.wait(2000);\ncy.visit(\"http://localhost:3001/RegistrarReceitas\");\ncy.get('.sc-PBvYm > .sc-bdbhkv').select(\"2\");\ncy.get('.sc-boxNXC').type(\"666\");\ncy.get('.sc-fjBUEo > .sc-bdbhkv').select(\"Sim\");\ncy.get('[type=\"submit\"]').click();\ncy.wait(500);\ncy.get('.Toastify__toast-body').should('not.exist');",
              "err": {},
              "uuid": "e457c661-b8e8-4893-955d-c522d4cbf352",
              "parentUUID": "9dc4cef1-b99a-4a63-b018-f256414b3763",
              "isHook": false,
              "skipped": false
            },
            {
              "title": "Cadastro de nova receita sem status",
              "fullTitle": "Testes de cadastro de nova receita Cadastro de nova receita sem status",
              "timedOut": null,
              "duration": 4572,
              "state": "passed",
              "speed": "fast",
              "pass": true,
              "fail": false,
              "pending": false,
              "context": null,
              "code": "login(\"guilherme@email.com\", \"ruralSenha\");\ncy.wait(2000);\ncy.visit(\"http://localhost:3001/RegistrarReceitas\");\ncy.get('.sc-PBvYm > .sc-bdbhkv').select(\"2\");\ncy.get('.sc-boxNXC').type(\"666\");\ncy.get('.sc-ebFFfp').type(\"Teste de receita\");\ncy.get('[type=\"submit\"]').click();\ncy.wait(500);\ncy.get('.Toastify__toast-body').should('not.exist');",
              "err": {},
              "uuid": "7bdcacd9-7334-41d0-a093-4e7eb3f84b70",
              "parentUUID": "9dc4cef1-b99a-4a63-b018-f256414b3763",
              "isHook": false,
              "skipped": false
            },
            {
              "title": "Rotas de cadastro de nova receita",
              "fullTitle": "Testes de cadastro de nova receita Rotas de cadastro de nova receita",
              "timedOut": null,
              "duration": 7292,
              "state": "failed",
              "speed": null,
              "pass": false,
              "fail": true,
              "pending": false,
              "context": "{\n  \"title\": \"cypress-mochawesome-reporter-screenshots\",\n  \"value\": [\n    [\n      \"\\\\AgroControl.cy.js\\\\Testes de cadastro de nova receita -- Rotas de cadastro de nova receita (failed).png\"\n    ]\n  ]\n}",
              "code": "login(\"guilherme@email.com\", \"ruralSenha\");\ncy.wait(2000);\ncy.visit(\"http://localhost:3001/RegistrarReceitas\");\ncy.get('.sc-kHhQGl > div > :nth-child(1)').click();\ncy.url().should(\"include\", \"http://localhost:3001/home\");",
              "err": {
                "message": "AssertionError: Timed out retrying after 4000ms: expected 'http://localhost:3001/RegistrarReceitas' to include 'http://localhost:3001/home'",
                "estack": "AssertionError: Timed out retrying after 4000ms: expected 'http://localhost:3001/RegistrarReceitas' to include 'http://localhost:3001/home'\n    at Context.eval (webpack:///./cypress/e2e/AgroControl.cy.js:396:13)",
                "diff": null
              },
              "uuid": "a22e08ee-f145-40f2-9a1d-d8216b1f9629",
              "parentUUID": "9dc4cef1-b99a-4a63-b018-f256414b3763",
              "isHook": false,
              "skipped": false
            },
            {
              "title": "Cadastro de nova receita sem login",
              "fullTitle": "Testes de cadastro de nova receita Cadastro de nova receita sem login",
              "timedOut": null,
              "duration": 440,
              "state": "failed",
              "speed": null,
              "pass": false,
              "fail": true,
              "pending": false,
              "context": "{\n  \"title\": \"cypress-mochawesome-reporter-screenshots\",\n  \"value\": [\n    [\n      \"\\\\AgroControl.cy.js\\\\Testes de cadastro de nova receita -- Cadastro de nova receita sem login (failed).png\"\n    ]\n  ]\n}",
              "code": "cy.visit(\"http://localhost:3001/registerfinances\");\ncy.get('.sc-gFtjaa').should(\"contain\", \"Erro ao carregar os detalhes do funcionário.\");",
              "err": {
                "message": "AxiosError: The following error originated from your application code, not from Cypress. It was caused by an unhandled promise rejection.\n\n  > Request failed with status code 401\n\nWhen Cypress detects uncaught errors originating from your application it will automatically fail the current test.\n\nThis behavior is configurable, and you can choose to turn this off by listening to the `uncaught:exception` event.\n\nhttps://on.cypress.io/uncaught-exception-from-application",
                "estack": "AxiosError: The following error originated from your application code, not from Cypress. It was caused by an unhandled promise rejection.\n\n  > Request failed with status code 401\n\nWhen Cypress detects uncaught errors originating from your application it will automatically fail the current test.\n\nThis behavior is configurable, and you can choose to turn this off by listening to the `uncaught:exception` event.\n\nhttps://on.cypress.io/uncaught-exception-from-application\n    at settle (http://localhost:3001/static/js/bundle.js:79402:12)\n    at XMLHttpRequest.onloadend (http://localhost:3001/static/js/bundle.js:78065:66)\n    at Axios.request (http://localhost:3001/static/js/bundle.js:78555:41)\n    at async getAllTiposServico (http://localhost:3001/static/js/bundle.js:5219:22)",
                "diff": null
              },
              "uuid": "cf95e754-066a-4312-8520-d05c9377f3db",
              "parentUUID": "9dc4cef1-b99a-4a63-b018-f256414b3763",
              "isHook": false,
              "skipped": false
            }
          ],
          "suites": [],
          "passes": [
            "4b1b744a-6901-4bbf-a0f4-dfa392e990a0",
            "cbe5aaf8-41a8-4b98-a2e6-4e666bdcc40a",
            "818e3fa6-0f29-49fe-9315-61ed93579142",
            "e457c661-b8e8-4893-955d-c522d4cbf352",
            "7bdcacd9-7334-41d0-a093-4e7eb3f84b70"
          ],
          "failures": [
            "a22e08ee-f145-40f2-9a1d-d8216b1f9629",
            "cf95e754-066a-4312-8520-d05c9377f3db"
          ],
          "pending": [],
          "skipped": [],
          "duration": 30365,
          "root": false,
          "rootEmpty": false,
          "_timeout": 2000
        },
        {
          "uuid": "86c1974a-95d2-4cfe-9e5e-e03c3cba37e5",
          "title": "Testes de detalhes de serviços",
          "fullFile": "",
          "file": "",
          "beforeHooks": [],
          "afterHooks": [],
          "tests": [
            {
              "title": "Detalhes de serviços",
              "fullTitle": "Testes de detalhes de serviços Detalhes de serviços",
              "timedOut": null,
              "duration": 3839,
              "state": "passed",
              "speed": "fast",
              "pass": true,
              "fail": false,
              "pending": false,
              "context": null,
              "code": "login(\"guilherme@email.com\", \"ruralSenha\");\ncy.wait(2000);\ncy.visit(\"http://localhost:3001/servicedetails/21\");\ncy.get('.sc-kEsJEW').should(\"contain\", \"Detalhes do Serviço\");\ncy.get(':nth-child(2) > .sc-kBAPdo').should(\"contain\", \"21\");\ncy.get('.sc-enMaOJ').should(\"contain\", \"Dalton Cruz\");",
              "err": {},
              "uuid": "85a58a58-b17a-444e-9b28-ea1e13519d3f",
              "parentUUID": "86c1974a-95d2-4cfe-9e5e-e03c3cba37e5",
              "isHook": false,
              "skipped": false
            },
            {
              "title": "Rotas de detalhes de serviços",
              "fullTitle": "Testes de detalhes de serviços Rotas de detalhes de serviços",
              "timedOut": null,
              "duration": 7079,
              "state": "passed",
              "speed": "medium",
              "pass": true,
              "fail": false,
              "pending": false,
              "context": null,
              "code": "login(\"guilherme@email.com\", \"ruralSenha\");\ncy.wait(2000);\ncy.visit(\"http://localhost:3001/servicedetails/\".concat(id_excluir_servico));\ncy.get('.sc-iRVXky > .sc-jQybuE').click();\ncy.url().should(\"include\", \"http://localhost:3001/home\");\ncy.visit(\"http://localhost:3001/servicedetails/\".concat(id_excluir_servico));\ncy.get('.sc-erSfwj > :nth-child(1)').click();\n//cy.url().should(\"include\", \"http://localhost:3001/cadastrodeservico\") - pagina ainda não existente\ncy.visit(\"http://localhost:3001/servicedetails/\".concat(id_excluir_servico));\ncy.get('.sc-enMaOJ').click();\ncy.url().should(\"include\", \"http://localhost:3001/employeedetails/68\");\ncy.get('.sc-fkJXLl').should(\"contain\", \"Detalhes do Funcionário\");\ncy.get(':nth-child(2) > .sc-irPVuy').should(\"contain\", \"68\");\ncy.get(':nth-child(3) > .sc-irPVuy').should(\"contain\", \"Jorge Lafond\");\ncy.visit(\"http://localhost:3001/servicedetails/\".concat(id_excluir_servico));\ncy.get('.sc-erSfwj > :nth-child(2)').click();\ncy.url().should(\"include\", \"http://localhost:3001/home\");\ncy.visit(\"http://localhost:3001/servicedetails/\".concat(id_excluir_servico));\ncy.get('.sc-bAEjGW').should(\"contain\", \"Erro ao carregar os detalhes do serviço.\");",
              "err": {},
              "uuid": "c9c486d9-c085-410c-a358-831539ce3df0",
              "parentUUID": "86c1974a-95d2-4cfe-9e5e-e03c3cba37e5",
              "isHook": false,
              "skipped": false
            },
            {
              "title": "Detalhes de serviço inexistente",
              "fullTitle": "Testes de detalhes de serviços Detalhes de serviço inexistente",
              "timedOut": null,
              "duration": 3282,
              "state": "passed",
              "speed": "fast",
              "pass": true,
              "fail": false,
              "pending": false,
              "context": null,
              "code": "login(\"guilherme@email.com\", \"ruralSenha\");\ncy.wait(2000);\ncy.visit(\"http://localhost:3001/servicedetails/9999\");\ncy.get('.sc-bAEjGW').should(\"contain\", \"Erro ao carregar os detalhes do serviço.\");",
              "err": {},
              "uuid": "a4533552-e582-44dc-bd63-7e0d3f576c52",
              "parentUUID": "86c1974a-95d2-4cfe-9e5e-e03c3cba37e5",
              "isHook": false,
              "skipped": false
            },
            {
              "title": "Detalhes de serviços sem login",
              "fullTitle": "Testes de detalhes de serviços Detalhes de serviços sem login",
              "timedOut": null,
              "duration": 167,
              "state": "passed",
              "speed": "fast",
              "pass": true,
              "fail": false,
              "pending": false,
              "context": null,
              "code": "cy.visit(\"http://localhost:3001/servicedetails/9999\");\ncy.get('.sc-bAEjGW').should(\"contain\", \"Erro ao carregar os detalhes do serviço.\");",
              "err": {},
              "uuid": "2e9b9311-70c3-4511-a905-5138fa5887dd",
              "parentUUID": "86c1974a-95d2-4cfe-9e5e-e03c3cba37e5",
              "isHook": false,
              "skipped": false
            }
          ],
          "suites": [],
          "passes": [
            "85a58a58-b17a-444e-9b28-ea1e13519d3f",
            "c9c486d9-c085-410c-a358-831539ce3df0",
            "a4533552-e582-44dc-bd63-7e0d3f576c52",
            "2e9b9311-70c3-4511-a905-5138fa5887dd"
          ],
          "failures": [],
          "pending": [],
          "skipped": [],
          "duration": 14367,
          "root": false,
          "rootEmpty": false,
          "_timeout": 2000
        },
        {
          "uuid": "e55b9384-f2e6-43d2-8c95-9cbc7ca8fe3e",
          "title": "Testes de gerenciamento de serviços",
          "fullFile": "",
          "file": "",
          "beforeHooks": [],
          "afterHooks": [],
          "tests": [
            {
              "title": "Gerenciamento de serviços",
              "fullTitle": "Testes de gerenciamento de serviços Gerenciamento de serviços",
              "timedOut": null,
              "duration": 3092,
              "state": "passed",
              "speed": "fast",
              "pass": true,
              "fail": false,
              "pending": false,
              "context": null,
              "code": "login(\"guilherme@email.com\", \"ruralSenha\");\ncy.wait(2000);\ncy.visit(\"http://localhost:3001/services\");\ncy.get('.sc-lgprfV').should(\"contain\", \"Gerenciamento de Serviços\");",
              "err": {},
              "uuid": "00247665-839c-40c3-a772-bc9cbb950a9c",
              "parentUUID": "e55b9384-f2e6-43d2-8c95-9cbc7ca8fe3e",
              "isHook": false,
              "skipped": false
            },
            {
              "title": "Teste de busca por funcionário",
              "fullTitle": "Testes de gerenciamento de serviços Teste de busca por funcionário",
              "timedOut": null,
              "duration": 3521,
              "state": "passed",
              "speed": "fast",
              "pass": true,
              "fail": false,
              "pending": false,
              "context": null,
              "code": "login(\"guilherme@email.com\", \"ruralSenha\");\ncy.wait(2000);\ncy.visit(\"http://localhost:3001/services\");\ncy.get('.sc-fXwCOG').type(\"Dalton Cruz\");\ncy.get('.sc-dwGkES > :nth-child(3)').should(\"contain\", \"Dalton Cruz\");",
              "err": {},
              "uuid": "8aa6c912-be2a-4021-b11b-1ef09c7989d7",
              "parentUUID": "e55b9384-f2e6-43d2-8c95-9cbc7ca8fe3e",
              "isHook": false,
              "skipped": false
            },
            {
              "title": "Teste de busca por serviço",
              "fullTitle": "Testes de gerenciamento de serviços Teste de busca por serviço",
              "timedOut": null,
              "duration": 3531,
              "state": "passed",
              "speed": "fast",
              "pass": true,
              "fail": false,
              "pending": false,
              "context": null,
              "code": "login(\"guilherme@email.com\", \"ruralSenha\");\ncy.wait(2000);\ncy.visit(\"http://localhost:3001/services\");\ncy.get('.sc-fXwCOG').type(\"Pescaria\");\ncy.get('tbody > :nth-child(1) > :nth-child(2)').should(\"contain\", \"Pescaria\");",
              "err": {},
              "uuid": "9f690270-26b2-4b4c-8a0e-0819ff562e1d",
              "parentUUID": "e55b9384-f2e6-43d2-8c95-9cbc7ca8fe3e",
              "isHook": false,
              "skipped": false
            },
            {
              "title": "Teste de busca por funcionário inexistente",
              "fullTitle": "Testes de gerenciamento de serviços Teste de busca por funcionário inexistente",
              "timedOut": null,
              "duration": 3493,
              "state": "passed",
              "speed": "fast",
              "pass": true,
              "fail": false,
              "pending": false,
              "context": null,
              "code": "login(\"guilherme@email.com\", \"ruralSenha\");\ncy.wait(2000);\ncy.visit(\"http://localhost:3001/services\");\ncy.get('.sc-fXwCOG').type(\"Inexistente\");\ncy.get('tbody > :nth-child(1) > :nth-child(3)').should(\"not.exist\");",
              "err": {},
              "uuid": "bdf24ffe-96ee-4fd9-bb2b-848049cb249c",
              "parentUUID": "e55b9384-f2e6-43d2-8c95-9cbc7ca8fe3e",
              "isHook": false,
              "skipped": false
            },
            {
              "title": "Teste de busca por serviço inexistente",
              "fullTitle": "Testes de gerenciamento de serviços Teste de busca por serviço inexistente",
              "timedOut": null,
              "duration": 3456,
              "state": "passed",
              "speed": "fast",
              "pass": true,
              "fail": false,
              "pending": false,
              "context": null,
              "code": "login(\"guilherme@email.com\", \"ruralSenha\");\ncy.wait(2000);\ncy.visit(\"http://localhost:3001/services\");\ncy.get('.sc-fXwCOG').type(\"Inexistente\");\ncy.get('tbody > :nth-child(1) > :nth-child(2)').should(\"not.exist\");",
              "err": {},
              "uuid": "a296b80b-7b30-4ae6-bb99-6024790c0c4b",
              "parentUUID": "e55b9384-f2e6-43d2-8c95-9cbc7ca8fe3e",
              "isHook": false,
              "skipped": false
            },
            {
              "title": "Rotas de gerenciamento de serviços",
              "fullTitle": "Testes de gerenciamento de serviços Rotas de gerenciamento de serviços",
              "timedOut": null,
              "duration": 3547,
              "state": "passed",
              "speed": "fast",
              "pass": true,
              "fail": false,
              "pending": false,
              "context": null,
              "code": "login(\"guilherme@email.com\", \"ruralSenha\");\ncy.wait(2000);\ncy.visit(\"http://localhost:3001/services\");\ncy.get('.sc-NOKRk').click();\n//cy.url().should(\"include\", \"http://localhost:3001/cadastrodeservico\") - pagina ainda não existente\ncy.visit(\"http://localhost:3001/services\");\ncy.get('.sc-iMPxVN').click();\n//cy.url().should(\"include\", \"http://localhost:3001/exportarservico\") - pagina ainda não existente",
              "err": {},
              "uuid": "e662a63c-fd7c-4aee-91fd-5d16d77eb643",
              "parentUUID": "e55b9384-f2e6-43d2-8c95-9cbc7ca8fe3e",
              "isHook": false,
              "skipped": false
            },
            {
              "title": "Gerenciamento de serviços sem login",
              "fullTitle": "Testes de gerenciamento de serviços Gerenciamento de serviços sem login",
              "timedOut": null,
              "duration": 4304,
              "state": "failed",
              "speed": null,
              "pass": false,
              "fail": true,
              "pending": false,
              "context": "{\n  \"title\": \"cypress-mochawesome-reporter-screenshots\",\n  \"value\": [\n    [\n      \"\\\\AgroControl.cy.js\\\\Testes de gerenciamento de serviços -- Gerenciamento de serviços sem login (failed).png\"\n    ]\n  ]\n}",
              "code": "cy.visit(\"http://localhost:3001/services\");\ncy.get('.sc-gFtjaa').should(\"contain\", \"Erro ao carregar gerenciamento de serviços.\");",
              "err": {
                "message": "AssertionError: Timed out retrying after 4000ms: Expected to find element: `.sc-gFtjaa`, but never found it.",
                "estack": "AssertionError: Timed out retrying after 4000ms: Expected to find element: `.sc-gFtjaa`, but never found it.\n    at Context.eval (webpack:///./cypress/e2e/AgroControl.cy.js:504:25)",
                "diff": null
              },
              "uuid": "742c6e98-44d3-4e6a-ad4d-223bfdc8fa10",
              "parentUUID": "e55b9384-f2e6-43d2-8c95-9cbc7ca8fe3e",
              "isHook": false,
              "skipped": false
            }
          ],
          "suites": [],
          "passes": [
            "00247665-839c-40c3-a772-bc9cbb950a9c",
            "8aa6c912-be2a-4021-b11b-1ef09c7989d7",
            "9f690270-26b2-4b4c-8a0e-0819ff562e1d",
            "bdf24ffe-96ee-4fd9-bb2b-848049cb249c",
            "a296b80b-7b30-4ae6-bb99-6024790c0c4b",
            "e662a63c-fd7c-4aee-91fd-5d16d77eb643"
          ],
          "failures": [
            "742c6e98-44d3-4e6a-ad4d-223bfdc8fa10"
          ],
          "pending": [],
          "skipped": [],
          "duration": 24944,
          "root": false,
          "rootEmpty": false,
          "_timeout": 2000
        }
      ],
      "passes": [],
      "failures": [],
      "pending": [],
      "skipped": [],
      "duration": 0,
      "root": true,
      "rootEmpty": true,
      "_timeout": 2000
    }
  ],
  "meta": {
    "mocha": {
      "version": "7.0.1"
    },
    "mochawesome": {
      "options": {
        "quiet": false,
        "reportFilename": "mochawesome",
        "saveHtml": true,
        "saveJson": true,
        "consoleReporter": "spec",
        "useInlineDiffs": false,
        "code": true
      },
      "version": "7.1.3"
    },
    "marge": {
      "options": null,
      "version": "6.2.0"
    }
  }
}