{
  "stats": {
    "suites": 9,
    "tests": 46,
    "passes": 46,
    "pending": 0,
    "failures": 0,
    "start": "2024-12-04T00:13:05.920Z",
    "end": "2024-12-04T00:15:52.111Z",
    "duration": 166191,
    "testsRegistered": 46,
    "passPercent": 100,
    "pendingPercent": 0,
    "other": 0,
    "hasOther": false,
    "skipped": 0,
    "hasSkipped": false
  },
  "results": [
    {
      "uuid": "381a7c99-cb96-4f25-a1a6-4ce41450ad1d",
      "title": "",
      "fullFile": "cypress\\e2e\\AgroControl.cy.js",
      "file": "cypress\\e2e\\AgroControl.cy.js",
      "beforeHooks": [],
      "afterHooks": [],
      "tests": [],
      "suites": [
        {
          "uuid": "bb696733-fce0-47c9-92c5-524e37f84e22",
          "title": "Testes de detalhes de funcionários",
          "fullFile": "",
          "file": "",
          "beforeHooks": [],
          "afterHooks": [],
          "tests": [
            {
              "title": "Detalhes de funcionario",
              "fullTitle": "Testes de detalhes de funcionários Detalhes de funcionario",
              "timedOut": null,
              "duration": 5541,
              "state": "passed",
              "speed": "medium",
              "pass": true,
              "fail": false,
              "pending": false,
              "context": null,
              "code": "login(\"guilherme@email.com\", \"ruralSenha\");\ncy.wait(2000);\ncy.visit(\"http://localhost:3001/employeedetails/83\");\ncy.get('.sc-ikngxL').should(\"contain\", \"Detalhes do Funcionário\");\ncy.get(':nth-child(2) > .sc-kEsJEW').should(\"contain\", \"83\");\ncy.get(':nth-child(3) > .sc-kEsJEW').should(\"contain\", \"Marcelo Rossi\");",
              "err": {},
              "uuid": "63e0e271-1c88-413f-aa6e-5617c7d148e4",
              "parentUUID": "bb696733-fce0-47c9-92c5-524e37f84e22",
              "isHook": false,
              "skipped": false
            },
            {
              "title": "Rotas de detalhes de funcionários",
              "fullTitle": "Testes de detalhes de funcionários Rotas de detalhes de funcionários",
              "timedOut": null,
              "duration": 3862,
              "state": "passed",
              "speed": "fast",
              "pass": true,
              "fail": false,
              "pending": false,
              "context": null,
              "code": "login(\"guilherme@email.com\", \"ruralSenha\");\ncy.wait(2000);\ncy.visit(\"http://localhost:3001/employeedetails/\".concat(id_excluir_funcionario));\ncy.get('.sc-fqujGp > :nth-child(1)').click();\ncy.url().should(\"include\", \"http://localhost:3001/employeeregistration\");\ncy.visit(\"http://localhost:3001/employeedetails/\".concat(id_excluir_funcionario));\ncy.get('.sc-fqujGp > :nth-child(2)').click();\ncy.get('.sc-enMaOJ').should(\"contain\", \"Excluir Funcionário\");",
              "err": {},
              "uuid": "d01cabcf-621b-4094-95f6-4ef09c57cccc",
              "parentUUID": "bb696733-fce0-47c9-92c5-524e37f84e22",
              "isHook": false,
              "skipped": false
            },
            {
              "title": "Detalhes de funcionário inexistente",
              "fullTitle": "Testes de detalhes de funcionários Detalhes de funcionário inexistente",
              "timedOut": null,
              "duration": 3236,
              "state": "passed",
              "speed": "fast",
              "pass": true,
              "fail": false,
              "pending": false,
              "context": null,
              "code": "login(\"guilherme@email.com\", \"ruralSenha\");\ncy.wait(2000);\ncy.visit(\"http://localhost:3001/employeedetails/9999\");\ncy.get('.sc-iRVXky').should(\"contain\", \"Erro ao carregar os detalhes do funcionário.\");",
              "err": {},
              "uuid": "0f8300dc-bd04-4eba-a969-c3fed07e5cb2",
              "parentUUID": "bb696733-fce0-47c9-92c5-524e37f84e22",
              "isHook": false,
              "skipped": false
            },
            {
              "title": "Detalhes de funcionário sem login",
              "fullTitle": "Testes de detalhes de funcionários Detalhes de funcionário sem login",
              "timedOut": null,
              "duration": 146,
              "state": "passed",
              "speed": "fast",
              "pass": true,
              "fail": false,
              "pending": false,
              "context": null,
              "code": "cy.visit(\"http://localhost:3001/employeedetails/83\");\ncy.url().should(\"include\", \"http://localhost:3001\");",
              "err": {},
              "uuid": "a1746de6-8de0-4c76-8783-7c981bde6514",
              "parentUUID": "bb696733-fce0-47c9-92c5-524e37f84e22",
              "isHook": false,
              "skipped": false
            }
          ],
          "suites": [],
          "passes": [
            "63e0e271-1c88-413f-aa6e-5617c7d148e4",
            "d01cabcf-621b-4094-95f6-4ef09c57cccc",
            "0f8300dc-bd04-4eba-a969-c3fed07e5cb2",
            "a1746de6-8de0-4c76-8783-7c981bde6514"
          ],
          "failures": [],
          "pending": [],
          "skipped": [],
          "duration": 12785,
          "root": false,
          "rootEmpty": false,
          "_timeout": 2000
        },
        {
          "uuid": "38c736a8-dbcc-48d9-9f86-de42d168b51b",
          "title": "Testes de cadastro de funcionário",
          "fullFile": "",
          "file": "",
          "beforeHooks": [],
          "afterHooks": [],
          "tests": [
            {
              "title": "Cadastro de funcionário com sucesso",
              "fullTitle": "Testes de cadastro de funcionário Cadastro de funcionário com sucesso",
              "timedOut": null,
              "duration": 5995,
              "state": "passed",
              "speed": "medium",
              "pass": true,
              "fail": false,
              "pending": false,
              "context": null,
              "code": "login(\"guilherme@email.com\", \"ruralSenha\");\ncy.wait(2000);\nlet primeirosDigitos = Math.random() * (1000 - 100) + 100;\nprimeirosDigitos = Math.ceil(primeirosDigitos);\ncy.visit(\"http://localhost:3001/employeeregistration\");\ncy.get('.sc-FFETS').should(\"contain\", \"Cadastro de novo funcionário\");\ncy.get('.sc-hsfCcR > :nth-child(1) > .sc-cqgMZH').type(\"Marcelo Rossi\");\ncy.get(':nth-child(1) > .sc-CNKsk > .sc-cqgMZH').type(primeirosDigitos.toString().concat(\".666.366-69\"));\ncy.get('.sc-bnGbuY > :nth-child(2) > .sc-CNKsk > .sc-cqgMZH').type(\"1996-05-20\");\ncy.get(':nth-child(3) > .sc-cqgMZH').type(\"Rua José Alves de Souza\");\ncy.get(':nth-child(4) > .sc-cqgMZH').type(Math.floor(Math.random() * (1000 - 100) + 100).toString().concat(\"@email.com\"));\ncy.get(':nth-child(5) > .sc-cqgMZH').type(\"padre\");\ncy.get('[style=\"gap: 20px;\"] > .sc-cqgMZH').type(\"6666\");\ncy.get('[type=\"submit\"]').click();\ncy.get('.Toastify__toast-body').should(\"contain\", \"Operação realizada com sucesso!\");",
              "err": {},
              "uuid": "86021a64-e4fd-4f7f-b463-fa511e35aec3",
              "parentUUID": "38c736a8-dbcc-48d9-9f86-de42d168b51b",
              "isHook": false,
              "skipped": false
            },
            {
              "title": "Cadastro de funcionário com e-mail existe",
              "fullTitle": "Testes de cadastro de funcionário Cadastro de funcionário com e-mail existe",
              "timedOut": null,
              "duration": 5404,
              "state": "passed",
              "speed": "medium",
              "pass": true,
              "fail": false,
              "pending": false,
              "context": null,
              "code": "login(\"guilherme@email.com\", \"ruralSenha\");\ncy.wait(2000);\ncy.visit(\"http://localhost:3001/employeeregistration\");\ncy.get('.sc-hsfCcR > :nth-child(1) > .sc-cqgMZH').type(\"Marcelo Rossi\");\ncy.get(':nth-child(1) > .sc-CNKsk > .sc-cqgMZH').type(\"543.666.323-69\");\ncy.get('.sc-bnGbuY > :nth-child(2) > .sc-CNKsk > .sc-cqgMZH').type(\"1996-05-20\");\ncy.get(':nth-child(3) > .sc-cqgMZH').type(\"Rua José Alves de Souza\");\ncy.get(':nth-child(4) > .sc-cqgMZH').type(\"omarcelorossi@email.com\");\ncy.get(':nth-child(5) > .sc-cqgMZH').type(\"padre\");\ncy.get('[style=\"gap: 20px;\"] > .sc-cqgMZH').type(\"6666\");\ncy.get('[type=\"submit\"]').click();\ncy.get('.Toastify__toast-body').should(\"contain\", \"Erro ao realizar a operação!\");",
              "err": {},
              "uuid": "341db66d-6bdc-49f5-b323-feb485988aaa",
              "parentUUID": "38c736a8-dbcc-48d9-9f86-de42d168b51b",
              "isHook": false,
              "skipped": false
            },
            {
              "title": "Cadastro de funcionário com CPF existe",
              "fullTitle": "Testes de cadastro de funcionário Cadastro de funcionário com CPF existe",
              "timedOut": null,
              "duration": 5543,
              "state": "passed",
              "speed": "medium",
              "pass": true,
              "fail": false,
              "pending": false,
              "context": null,
              "code": "login(\"guilherme@email.com\", \"ruralSenha\");\ncy.wait(2000);\ncy.visit(\"http://localhost:3001/employeeregistration\");\ncy.get('.sc-hsfCcR > :nth-child(1) > .sc-cqgMZH').type(\"Marcelo Rossi\");\ncy.get(':nth-child(1) > .sc-CNKsk > .sc-cqgMZH').type(\"543.666.320-69\");\ncy.get('.sc-bnGbuY > :nth-child(2) > .sc-CNKsk > .sc-cqgMZH').type(\"1996-05-20\");\ncy.get(':nth-child(3) > .sc-cqgMZH').type(\"Rua José Alves de Souza\");\ncy.get(':nth-child(4) > .sc-cqgMZH').type(\"marcelorossi@email.com\");\ncy.get(':nth-child(5) > .sc-cqgMZH').type(\"padre\");\ncy.get('[style=\"gap: 20px;\"] > .sc-cqgMZH').type(\"6666\");\ncy.get('[type=\"submit\"]').click();\ncy.get('.Toastify__toast-body').should(\"contain\", \"Erro ao realizar a operação!\");",
              "err": {},
              "uuid": "32ac3ef8-aa40-485c-9a63-2030301b2e7e",
              "parentUUID": "38c736a8-dbcc-48d9-9f86-de42d168b51b",
              "isHook": false,
              "skipped": false
            },
            {
              "title": "Rotas de cadastro de funcionário",
              "fullTitle": "Testes de cadastro de funcionário Rotas de cadastro de funcionário",
              "timedOut": null,
              "duration": 3204,
              "state": "passed",
              "speed": "fast",
              "pass": true,
              "fail": false,
              "pending": false,
              "context": null,
              "code": "login(\"guilherme@email.com\", \"ruralSenha\");\ncy.wait(2000);\ncy.visit(\"http://localhost:3001/employeeregistration\");\ncy.get('.sc-hGZxvd > :nth-child(1)').click();\ncy.url().should(\"include\", \"http://localhost:3001/home\");",
              "err": {},
              "uuid": "980c4916-5d9a-4a46-bbdc-866a8ff15117",
              "parentUUID": "38c736a8-dbcc-48d9-9f86-de42d168b51b",
              "isHook": false,
              "skipped": false
            },
            {
              "title": "Cadastro de funcionário sem login",
              "fullTitle": "Testes de cadastro de funcionário Cadastro de funcionário sem login",
              "timedOut": null,
              "duration": 143,
              "state": "passed",
              "speed": "fast",
              "pass": true,
              "fail": false,
              "pending": false,
              "context": null,
              "code": "cy.visit(\"http://localhost:3001/employeeregistration\");\ncy.url().should(\"include\", \"http://localhost:3001\");",
              "err": {},
              "uuid": "a7b42d76-a52e-451c-a703-b50c98071753",
              "parentUUID": "38c736a8-dbcc-48d9-9f86-de42d168b51b",
              "isHook": false,
              "skipped": false
            }
          ],
          "suites": [],
          "passes": [
            "86021a64-e4fd-4f7f-b463-fa511e35aec3",
            "341db66d-6bdc-49f5-b323-feb485988aaa",
            "32ac3ef8-aa40-485c-9a63-2030301b2e7e",
            "980c4916-5d9a-4a46-bbdc-866a8ff15117",
            "a7b42d76-a52e-451c-a703-b50c98071753"
          ],
          "failures": [],
          "pending": [],
          "skipped": [],
          "duration": 20289,
          "root": false,
          "rootEmpty": false,
          "_timeout": 2000
        },
        {
          "uuid": "99302a3d-033f-42ae-be50-c0b2d6929511",
          "title": "Testes de gerenciamento de funcionário",
          "fullFile": "",
          "file": "",
          "beforeHooks": [],
          "afterHooks": [],
          "tests": [
            {
              "title": "Gerenciamento de funcionário",
              "fullTitle": "Testes de gerenciamento de funcionário Gerenciamento de funcionário",
              "timedOut": null,
              "duration": 3420,
              "state": "passed",
              "speed": "fast",
              "pass": true,
              "fail": false,
              "pending": false,
              "context": null,
              "code": "login(\"guilherme@email.com\", \"ruralSenha\");\ncy.wait(2000);\ncy.visit(\"http://localhost:3001/employees\");\ncy.get('.sc-fantwC').should(\"contain\", \"Gerenciamento de Funcionários\");",
              "err": {},
              "uuid": "56ba44ae-6fff-4787-9d59-aeffa94a52f9",
              "parentUUID": "99302a3d-033f-42ae-be50-c0b2d6929511",
              "isHook": false,
              "skipped": false
            },
            {
              "title": "Teste de busca por funcionário",
              "fullTitle": "Testes de gerenciamento de funcionário Teste de busca por funcionário",
              "timedOut": null,
              "duration": 3361,
              "state": "passed",
              "speed": "fast",
              "pass": true,
              "fail": false,
              "pending": false,
              "context": null,
              "code": "login(\"guilherme@email.com\", \"ruralSenha\");\ncy.wait(2000);\ncy.visit(\"http://localhost:3001/employees\");\ncy.get('.sc-dFqmTM').type(\"Marcelo Rossi\", {\n  force: true\n});\ncy.get('tbody > :nth-child(2) > :nth-child(1)').should(\"contain\", \"Marcelo Rossi\");",
              "err": {},
              "uuid": "057595ac-3536-4d19-a525-8bb2da13ed27",
              "parentUUID": "99302a3d-033f-42ae-be50-c0b2d6929511",
              "isHook": false,
              "skipped": false
            },
            {
              "title": "Teste de busca por função",
              "fullTitle": "Testes de gerenciamento de funcionário Teste de busca por função",
              "timedOut": null,
              "duration": 3382,
              "state": "passed",
              "speed": "fast",
              "pass": true,
              "fail": false,
              "pending": false,
              "context": null,
              "code": "login(\"guilherme@email.com\", \"ruralSenha\");\ncy.wait(2000);\ncy.visit(\"http://localhost:3001/employees\");\ncy.get('.sc-dFqmTM').type(\"Cozinheira\", {\n  force: true\n});\ncy.get('tbody > :nth-child(1) > :nth-child(3)').should(\"contain\", \"Cozinheira\");",
              "err": {},
              "uuid": "768113e0-2cf4-49f2-bdb5-1cc8fd9dd310",
              "parentUUID": "99302a3d-033f-42ae-be50-c0b2d6929511",
              "isHook": false,
              "skipped": false
            },
            {
              "title": "Teste de busca por funcionário inexistente",
              "fullTitle": "Testes de gerenciamento de funcionário Teste de busca por funcionário inexistente",
              "timedOut": null,
              "duration": 3382,
              "state": "passed",
              "speed": "fast",
              "pass": true,
              "fail": false,
              "pending": false,
              "context": null,
              "code": "login(\"guilherme@email.com\", \"ruralSenha\");\ncy.wait(2000);\ncy.visit(\"http://localhost:3001/employees\");\ncy.get('.sc-dFqmTM').type(\"Inexistente\", {\n  force: true\n});\ncy.get('tbody > :nth-child(2) > :nth-child(1)').should(\"not.exist\");",
              "err": {},
              "uuid": "610d45f8-2e86-4a1d-823c-ba233727af58",
              "parentUUID": "99302a3d-033f-42ae-be50-c0b2d6929511",
              "isHook": false,
              "skipped": false
            },
            {
              "title": "Teste de busca por função\tinexistente",
              "fullTitle": "Testes de gerenciamento de funcionário Teste de busca por função\tinexistente",
              "timedOut": null,
              "duration": 3339,
              "state": "passed",
              "speed": "fast",
              "pass": true,
              "fail": false,
              "pending": false,
              "context": null,
              "code": "login(\"guilherme@email.com\", \"ruralSenha\");\ncy.wait(2000);\ncy.visit(\"http://localhost:3001/employees\");\ncy.get('.sc-dFqmTM').type(\"Inexistente\", {\n  force: true\n});\ncy.get('tbody > :nth-child(1) > :nth-child(3)').should(\"not.exist\");",
              "err": {},
              "uuid": "b15e765c-d8eb-437b-b6de-f4adedb4a0cf",
              "parentUUID": "99302a3d-033f-42ae-be50-c0b2d6929511",
              "isHook": false,
              "skipped": false
            },
            {
              "title": "Rotas de gerenciamento de serviços",
              "fullTitle": "Testes de gerenciamento de funcionário Rotas de gerenciamento de serviços",
              "timedOut": null,
              "duration": 3096,
              "state": "passed",
              "speed": "fast",
              "pass": true,
              "fail": false,
              "pending": false,
              "context": null,
              "code": "login(\"guilherme@email.com\", \"ruralSenha\");\ncy.wait(2000);\ncy.visit(\"http://localhost:3001/employees\");\ncy.get('.sc-eqXzvo').click({\n  force: true\n});\ncy.url().should(\"include\", \"http://localhost:3001/employeeregistration\");",
              "err": {},
              "uuid": "432a6c20-5421-4080-a913-74529ba0948f",
              "parentUUID": "99302a3d-033f-42ae-be50-c0b2d6929511",
              "isHook": false,
              "skipped": false
            },
            {
              "title": "Gerenciamento de servicos sem login",
              "fullTitle": "Testes de gerenciamento de funcionário Gerenciamento de servicos sem login",
              "timedOut": null,
              "duration": 283,
              "state": "passed",
              "speed": "fast",
              "pass": true,
              "fail": false,
              "pending": false,
              "context": null,
              "code": "cy.visit(\"http://localhost:3001/employees\");\ncy.url().should(\"include\", \"http://localhost:3001\");",
              "err": {},
              "uuid": "9ac810a2-1843-4eea-b25b-1b1deb54eb4b",
              "parentUUID": "99302a3d-033f-42ae-be50-c0b2d6929511",
              "isHook": false,
              "skipped": false
            }
          ],
          "suites": [],
          "passes": [
            "56ba44ae-6fff-4787-9d59-aeffa94a52f9",
            "057595ac-3536-4d19-a525-8bb2da13ed27",
            "768113e0-2cf4-49f2-bdb5-1cc8fd9dd310",
            "610d45f8-2e86-4a1d-823c-ba233727af58",
            "b15e765c-d8eb-437b-b6de-f4adedb4a0cf",
            "432a6c20-5421-4080-a913-74529ba0948f",
            "9ac810a2-1843-4eea-b25b-1b1deb54eb4b"
          ],
          "failures": [],
          "pending": [],
          "skipped": [],
          "duration": 20263,
          "root": false,
          "rootEmpty": false,
          "_timeout": 2000
        },
        {
          "uuid": "494f2961-3795-4e37-9781-bc45faa3d2b3",
          "title": "Testes de home",
          "fullFile": "",
          "file": "",
          "beforeHooks": [],
          "afterHooks": [],
          "tests": [
            {
              "title": "Rotas do menu",
              "fullTitle": "Testes de home Rotas do menu",
              "timedOut": null,
              "duration": 6662,
              "state": "passed",
              "speed": "medium",
              "pass": true,
              "fail": false,
              "pending": false,
              "context": null,
              "code": "login(\"guilherme@email.com\", \"ruralSenha\");\ncy.wait(2000);\ncy.visit(\"http://localhost:3001/employeeregistration\");\ncy.get('svg path[d=\"M32 96v64h448V96H32zm0 128v64h448v-64H32zm0 128v64h448v-64H32z\"]').click();\ncy.get('[href=\"/home\"]').click();\ncy.url().should(\"include\", \"http://localhost:3001/home\");\ncy.visit(\"http://localhost:3001/employeeregistration\");\ncy.get('svg path[d=\"M32 96v64h448V96H32zm0 128v64h448v-64H32zm0 128v64h448v-64H32z\"]').click();\ncy.get('[href=\"/finances\"]').click();\ncy.url().should(\"include\", \"http://localhost:3001/finances\");\ncy.visit(\"http://localhost:3001/employeeregistration\");\ncy.get('svg path[d=\"M32 96v64h448V96H32zm0 128v64h448v-64H32zm0 128v64h448v-64H32z\"]').click();\ncy.get('[href=\"/services\"]').click();\ncy.url().should(\"include\", \"http://localhost:3001/services\");\ncy.visit(\"http://localhost:3001/employeeregistration\");\ncy.get('svg path[d=\"M32 96v64h448V96H32zm0 128v64h448v-64H32zm0 128v64h448v-64H32z\"]').click();\ncy.get('[href=\"/employees\"]').click();\ncy.url().should(\"include\", \"http://localhost:3001/employees\");\ncy.visit(\"http://localhost:3001/employeeregistration\");\ncy.get('svg path[d=\"M32 96v64h448V96H32zm0 128v64h448v-64H32zm0 128v64h448v-64H32z\"]').click();\ncy.get('[href=\"/suporte\"]').click();\ncy.url().should(\"include\", \"http://localhost:3001/suporte\");",
              "err": {},
              "uuid": "47c96d72-6b0d-44a2-9cd4-4330eca45988",
              "parentUUID": "494f2961-3795-4e37-9781-bc45faa3d2b3",
              "isHook": false,
              "skipped": false
            }
          ],
          "suites": [],
          "passes": [
            "47c96d72-6b0d-44a2-9cd4-4330eca45988"
          ],
          "failures": [],
          "pending": [],
          "skipped": [],
          "duration": 6662,
          "root": false,
          "rootEmpty": false,
          "_timeout": 2000
        },
        {
          "uuid": "bf364920-4f4f-486f-8d3a-acca19ff7af1",
          "title": "Testes de login",
          "fullFile": "",
          "file": "",
          "beforeHooks": [],
          "afterHooks": [],
          "tests": [
            {
              "title": "Teste de login com sucesso",
              "fullTitle": "Testes de login Teste de login com sucesso",
              "timedOut": null,
              "duration": 1219,
              "state": "passed",
              "speed": "fast",
              "pass": true,
              "fail": false,
              "pending": false,
              "context": null,
              "code": "login(\"guilherme@email.com\", \"ruralSenha\");\ncy.url().should(\"include\", \"http://localhost:3001/home\");\ncy.get('.Toastify__toast-body').should(\"contain\", \"Operação realizada com sucesso!\");",
              "err": {},
              "uuid": "db357f92-15e0-4522-96e7-416fe19f1e12",
              "parentUUID": "bf364920-4f4f-486f-8d3a-acca19ff7af1",
              "isHook": false,
              "skipped": false
            },
            {
              "title": "Teste de login com usuário inexistente",
              "fullTitle": "Testes de login Teste de login com usuário inexistente",
              "timedOut": null,
              "duration": 906,
              "state": "passed",
              "speed": "fast",
              "pass": true,
              "fail": false,
              "pending": false,
              "context": null,
              "code": "login(\"teste@email.com\", \"ruralSenha\");\ncy.url().should(\"include\", \"http://localhost:3001\");\ncy.get('.Toastify__toast-body').should(\"contain\", \"Erro ao realizar a operação!\");",
              "err": {},
              "uuid": "272e80f4-ee41-497e-b316-f71c607c54c2",
              "parentUUID": "bf364920-4f4f-486f-8d3a-acca19ff7af1",
              "isHook": false,
              "skipped": false
            },
            {
              "title": "Teste de login com senha incorreta",
              "fullTitle": "Testes de login Teste de login com senha incorreta",
              "timedOut": null,
              "duration": 1127,
              "state": "passed",
              "speed": "fast",
              "pass": true,
              "fail": false,
              "pending": false,
              "context": null,
              "code": "login(\"guilherme@email.com\", \"teste\");\ncy.url().should(\"include\", \"http://localhost:3001\");\ncy.get('.Toastify__toast-body').should(\"contain\", \"Erro ao realizar a operação!\");",
              "err": {},
              "uuid": "bba500d4-fe80-491a-a626-311113ab3f97",
              "parentUUID": "bf364920-4f4f-486f-8d3a-acca19ff7af1",
              "isHook": false,
              "skipped": false
            }
          ],
          "suites": [],
          "passes": [
            "db357f92-15e0-4522-96e7-416fe19f1e12",
            "272e80f4-ee41-497e-b316-f71c607c54c2",
            "bba500d4-fe80-491a-a626-311113ab3f97"
          ],
          "failures": [],
          "pending": [],
          "skipped": [],
          "duration": 3252,
          "root": false,
          "rootEmpty": false,
          "_timeout": 2000
        },
        {
          "uuid": "5dd44b85-5e3d-4ded-a8af-fb8e20d0a8b3",
          "title": "Testes de Cadastro de Serviço",
          "fullFile": "",
          "file": "",
          "beforeHooks": [],
          "afterHooks": [],
          "tests": [
            {
              "title": "Cadastro de Cadastro de Serviço com sucesso",
              "fullTitle": "Testes de Cadastro de Serviço Cadastro de Cadastro de Serviço com sucesso",
              "timedOut": null,
              "duration": 5814,
              "state": "passed",
              "speed": "medium",
              "pass": true,
              "fail": false,
              "pending": false,
              "context": null,
              "code": "login(\"guilherme@email.com\", \"ruralSenha\");\ncy.wait(2000);\ncy.visit(\"http://localhost:3001/registrarservico\");\ncy.get('h2').should(\"contain\", \"Cadastro de Serviço\");\ncy.get('.sc-bCztur').invoke('val', '2024-10-12').trigger('change');\ncy.wait(1000);\ncy.get('.sc-iXGjfC > .sc-jlHfjz').select(\"1\");\ncy.get('.sc-fkJXLl > .sc-jlHfjz').select(\"83\");\ncy.get('.sc-iCjFWQ').type(\"66600\");\ncy.get('.sc-irPVuy > .sc-jlHfjz').select(\"PENDENTE\");\ncy.get('.sc-khdDuB').type(\"Teste de Cadastro de Serviço\");\ncy.get('[type=\"submit\"]').click();\ncy.get('.Toastify__toast-body').should(\"contain\", \"Operação realizada com sucesso!\");",
              "err": {},
              "uuid": "b68b3eb2-0565-40ff-a1e3-f0c6aa637915",
              "parentUUID": "5dd44b85-5e3d-4ded-a8af-fb8e20d0a8b3",
              "isHook": false,
              "skipped": false
            },
            {
              "title": "Cadastro de Cadastro de Serviço sem data",
              "fullTitle": "Testes de Cadastro de Serviço Cadastro de Cadastro de Serviço sem data",
              "timedOut": null,
              "duration": 5772,
              "state": "passed",
              "speed": "medium",
              "pass": true,
              "fail": false,
              "pending": false,
              "context": null,
              "code": "login(\"guilherme@email.com\", \"ruralSenha\");\ncy.wait(2000);\ncy.visit(\"http://localhost:3001/registrarservico\");\ncy.wait(1000);\ncy.get('.sc-iXGjfC > .sc-jlHfjz').select(\"1\");\ncy.get('.sc-fkJXLl > .sc-jlHfjz').select(\"83\");\ncy.get('.sc-iCjFWQ').type(\"66600\");\ncy.get('.sc-irPVuy > .sc-jlHfjz').select(\"PENDENTE\");\ncy.get('.sc-khdDuB').type(\"Teste de Cadastro de Serviço\");\ncy.get('[type=\"submit\"]').click();\ncy.wait(500);\ncy.get('.Toastify__toast-body > :nth-child(2)').should('not.exist');",
              "err": {},
              "uuid": "b57ef74c-136b-4408-a8e1-91b60713eed3",
              "parentUUID": "5dd44b85-5e3d-4ded-a8af-fb8e20d0a8b3",
              "isHook": false,
              "skipped": false
            },
            {
              "title": "Cadastro de Cadastro de Serviço sem tipo de serviço",
              "fullTitle": "Testes de Cadastro de Serviço Cadastro de Cadastro de Serviço sem tipo de serviço",
              "timedOut": null,
              "duration": 5152,
              "state": "passed",
              "speed": "medium",
              "pass": true,
              "fail": false,
              "pending": false,
              "context": null,
              "code": "login(\"guilherme@email.com\", \"ruralSenha\");\ncy.wait(2000);\ncy.visit(\"http://localhost:3001/registrarservico\");\ncy.get('.sc-bCztur').invoke('val', '2024-10-12').trigger('change');\ncy.get('.sc-fkJXLl > .sc-jlHfjz').select(\"83\");\ncy.get('.sc-iCjFWQ').type(\"66600\");\ncy.get('.sc-irPVuy > .sc-jlHfjz').select(\"PENDENTE\");\ncy.get('.sc-khdDuB').type(\"Teste de Cadastro de Serviço\");\ncy.get('[type=\"submit\"]').click();\ncy.wait(500);\ncy.get('.Toastify__toast-body > :nth-child(2)').should('not.exist');",
              "err": {},
              "uuid": "4b07be7f-c2ec-4ee2-96fb-fc3dfe947a2d",
              "parentUUID": "5dd44b85-5e3d-4ded-a8af-fb8e20d0a8b3",
              "isHook": false,
              "skipped": false
            },
            {
              "title": "Cadastro de Cadastro de Serviço sem responsável",
              "fullTitle": "Testes de Cadastro de Serviço Cadastro de Cadastro de Serviço sem responsável",
              "timedOut": null,
              "duration": 5741,
              "state": "passed",
              "speed": "medium",
              "pass": true,
              "fail": false,
              "pending": false,
              "context": null,
              "code": "login(\"guilherme@email.com\", \"ruralSenha\");\ncy.wait(2000);\ncy.visit(\"http://localhost:3001/registrarservico\");\ncy.get('.sc-bCztur').invoke('val', '2024-10-12').trigger('change');\ncy.wait(1000);\ncy.get('.sc-iXGjfC > .sc-jlHfjz').select(\"1\");\ncy.get('.sc-iCjFWQ').type(\"66600\");\ncy.get('.sc-irPVuy > .sc-jlHfjz').select(\"PENDENTE\");\ncy.get('.sc-khdDuB').type(\"Teste de Cadastro de Serviço\");\ncy.get('[type=\"submit\"]').click();\ncy.wait(500);\ncy.get('.Toastify__toast-body > :nth-child(2)').should('not.exist');",
              "err": {},
              "uuid": "b5bba828-4650-47ea-8b7d-47a961070b67",
              "parentUUID": "5dd44b85-5e3d-4ded-a8af-fb8e20d0a8b3",
              "isHook": false,
              "skipped": false
            },
            {
              "title": "Cadastro de Cadastro de Serviço sem status",
              "fullTitle": "Testes de Cadastro de Serviço Cadastro de Cadastro de Serviço sem status",
              "timedOut": null,
              "duration": 5690,
              "state": "passed",
              "speed": "medium",
              "pass": true,
              "fail": false,
              "pending": false,
              "context": null,
              "code": "login(\"guilherme@email.com\", \"ruralSenha\");\ncy.wait(2000);\ncy.visit(\"http://localhost:3001/registrarservico\");\ncy.get('.sc-bCztur').invoke('val', '2024-10-12').trigger('change');\ncy.wait(1000);\ncy.get('.sc-iXGjfC > .sc-jlHfjz').select(\"1\");\ncy.get('.sc-fkJXLl > .sc-jlHfjz').select(\"83\");\ncy.get('.sc-iCjFWQ').type(\"66600\");\ncy.get('.sc-khdDuB').type(\"Teste de Cadastro de Serviço\");\ncy.get('[type=\"submit\"]').click();\ncy.wait(500);\ncy.get('.Toastify__toast-body > :nth-child(2)').should('not.exist');",
              "err": {},
              "uuid": "4ef287d4-213e-4b63-9dac-eea9dbe05be2",
              "parentUUID": "5dd44b85-5e3d-4ded-a8af-fb8e20d0a8b3",
              "isHook": false,
              "skipped": false
            },
            {
              "title": "Cadastro de Cadastro de Serviço sem observações",
              "fullTitle": "Testes de Cadastro de Serviço Cadastro de Cadastro de Serviço sem observações",
              "timedOut": null,
              "duration": 5445,
              "state": "passed",
              "speed": "medium",
              "pass": true,
              "fail": false,
              "pending": false,
              "context": null,
              "code": "login(\"guilherme@email.com\", \"ruralSenha\");\ncy.wait(2000);\ncy.visit(\"http://localhost:3001/registrarservico\");\ncy.get('.sc-bCztur').invoke('val', '2024-10-12').trigger('change');\ncy.wait(1000);\ncy.get('.sc-iXGjfC > .sc-jlHfjz').select(\"1\");\ncy.get('.sc-fkJXLl > .sc-jlHfjz').select(\"83\");\ncy.get('.sc-iCjFWQ').type(\"66600\");\ncy.get('[type=\"submit\"]').click();\ncy.wait(500);\ncy.get('.Toastify__toast-body > :nth-child(2)').should('not.exist');",
              "err": {},
              "uuid": "a6dca35c-dd8c-450d-8a94-92a29662c603",
              "parentUUID": "5dd44b85-5e3d-4ded-a8af-fb8e20d0a8b3",
              "isHook": false,
              "skipped": false
            },
            {
              "title": "Rotas de Cadastro de Serviço",
              "fullTitle": "Testes de Cadastro de Serviço Rotas de Cadastro de Serviço",
              "timedOut": null,
              "duration": 3257,
              "state": "passed",
              "speed": "fast",
              "pass": true,
              "fail": false,
              "pending": false,
              "context": null,
              "code": "login(\"guilherme@email.com\", \"ruralSenha\");\ncy.wait(2000);\ncy.visit(\"http://localhost:3001/registrarservico\");\ncy.get('.sc-cwJYja > div > :nth-child(1)').click();\ncy.url().should(\"include\", \"http://localhost:3001/home\");",
              "err": {},
              "uuid": "f8ea9662-3778-460a-ac48-f38156b6cf4e",
              "parentUUID": "5dd44b85-5e3d-4ded-a8af-fb8e20d0a8b3",
              "isHook": false,
              "skipped": false
            },
            {
              "title": "Cadastro de Serviço sem login",
              "fullTitle": "Testes de Cadastro de Serviço Cadastro de Serviço sem login",
              "timedOut": null,
              "duration": 130,
              "state": "passed",
              "speed": "fast",
              "pass": true,
              "fail": false,
              "pending": false,
              "context": null,
              "code": "cy.visit(\"http://localhost:3001/registrarservico\");\ncy.url().should(\"include\", \"http://localhost:3001\");",
              "err": {},
              "uuid": "ca569392-dfcc-4460-ae77-ed11d701e844",
              "parentUUID": "5dd44b85-5e3d-4ded-a8af-fb8e20d0a8b3",
              "isHook": false,
              "skipped": false
            }
          ],
          "suites": [],
          "passes": [
            "b68b3eb2-0565-40ff-a1e3-f0c6aa637915",
            "b57ef74c-136b-4408-a8e1-91b60713eed3",
            "4b07be7f-c2ec-4ee2-96fb-fc3dfe947a2d",
            "b5bba828-4650-47ea-8b7d-47a961070b67",
            "4ef287d4-213e-4b63-9dac-eea9dbe05be2",
            "a6dca35c-dd8c-450d-8a94-92a29662c603",
            "f8ea9662-3778-460a-ac48-f38156b6cf4e",
            "ca569392-dfcc-4460-ae77-ed11d701e844"
          ],
          "failures": [],
          "pending": [],
          "skipped": [],
          "duration": 37001,
          "root": false,
          "rootEmpty": false,
          "_timeout": 2000
        },
        {
          "uuid": "7a653194-543d-4b98-b02e-95b4a0d04a95",
          "title": "Testes de cadastro de nova receita",
          "fullFile": "",
          "file": "",
          "beforeHooks": [],
          "afterHooks": [],
          "tests": [
            {
              "title": "Cadastro de nova receita com sucesso",
              "fullTitle": "Testes de cadastro de nova receita Cadastro de nova receita com sucesso",
              "timedOut": null,
              "duration": 4926,
              "state": "passed",
              "speed": "fast",
              "pass": true,
              "fail": false,
              "pending": false,
              "context": null,
              "code": "login(\"guilherme@email.com\", \"ruralSenha\");\ncy.wait(2000);\ncy.visit(\"http://localhost:3001/RegistrarReceitas\");\ncy.get('h2').should(\"contain\", \"Nova receita\");\ncy.get('.sc-ZVgAE > .sc-ajmIN').select(\"2\");\ncy.get('.sc-byRyzU').type(\"666\");\ncy.get('.sc-dRlUCX').type(\"Teste de receita\");\ncy.get('.sc-fmtPfW > .sc-ajmIN').select(\"Sim\");\ncy.get('[type=\"submit\"]').click();\ncy.get('.Toastify__toast-body').should(\"contain\", \"Operação realizada com sucesso!\");",
              "err": {},
              "uuid": "28c79785-45c6-42a9-8210-e10e181b665e",
              "parentUUID": "7a653194-543d-4b98-b02e-95b4a0d04a95",
              "isHook": false,
              "skipped": false
            },
            {
              "title": "Cadastro de nova receita sem categoria",
              "fullTitle": "Testes de cadastro de nova receita Cadastro de nova receita sem categoria",
              "timedOut": null,
              "duration": 4375,
              "state": "passed",
              "speed": "fast",
              "pass": true,
              "fail": false,
              "pending": false,
              "context": null,
              "code": "login(\"guilherme@email.com\", \"ruralSenha\");\ncy.wait(2000);\ncy.visit(\"http://localhost:3001/RegistrarReceitas\");\ncy.get('.sc-byRyzU').type(\"666\");\ncy.get('.sc-dRlUCX').type(\"Teste de receita\");\ncy.get('.sc-fmtPfW > .sc-ajmIN').select(\"Sim\");\ncy.get('[type=\"submit\"]').click();\ncy.wait(500);\ncy.get('.Toastify__toast-body').should('not.exist');",
              "err": {},
              "uuid": "32f2c972-58a2-47e2-a9e3-4dc74ecda1fd",
              "parentUUID": "7a653194-543d-4b98-b02e-95b4a0d04a95",
              "isHook": false,
              "skipped": false
            },
            {
              "title": "Cadastro de nova receita sem valor",
              "fullTitle": "Testes de cadastro de nova receita Cadastro de nova receita sem valor",
              "timedOut": null,
              "duration": 4795,
              "state": "passed",
              "speed": "fast",
              "pass": true,
              "fail": false,
              "pending": false,
              "context": null,
              "code": "login(\"guilherme@email.com\", \"ruralSenha\");\ncy.wait(2000);\ncy.visit(\"http://localhost:3001/RegistrarReceitas\");\ncy.get('.sc-ZVgAE > .sc-ajmIN').select(\"2\");\ncy.get('.sc-dRlUCX').type(\"Teste de receita\");\ncy.get('.sc-fmtPfW > .sc-ajmIN').select(\"Sim\");\ncy.get('[type=\"submit\"]').click();\ncy.wait(500);\ncy.get('.Toastify__toast-body').should('not.exist');",
              "err": {},
              "uuid": "3c6123eb-6610-4b9a-a3ae-d8b087d47d11",
              "parentUUID": "7a653194-543d-4b98-b02e-95b4a0d04a95",
              "isHook": false,
              "skipped": false
            },
            {
              "title": "Cadastro de nova receita sem observações",
              "fullTitle": "Testes de cadastro de nova receita Cadastro de nova receita sem observações",
              "timedOut": null,
              "duration": 4437,
              "state": "passed",
              "speed": "fast",
              "pass": true,
              "fail": false,
              "pending": false,
              "context": null,
              "code": "login(\"guilherme@email.com\", \"ruralSenha\");\ncy.wait(2000);\ncy.visit(\"http://localhost:3001/RegistrarReceitas\");\ncy.get('.sc-ZVgAE > .sc-ajmIN').select(\"2\");\ncy.get('.sc-byRyzU').type(\"666\");\ncy.get('.sc-fmtPfW > .sc-ajmIN').select(\"Sim\");\ncy.get('[type=\"submit\"]').click();\ncy.wait(500);\ncy.get('.Toastify__toast-body').should('not.exist');",
              "err": {},
              "uuid": "dccc7925-35bc-4c29-b86e-f5ed0bb11cd2",
              "parentUUID": "7a653194-543d-4b98-b02e-95b4a0d04a95",
              "isHook": false,
              "skipped": false
            },
            {
              "title": "Cadastro de nova receita sem status",
              "fullTitle": "Testes de cadastro de nova receita Cadastro de nova receita sem status",
              "timedOut": null,
              "duration": 4803,
              "state": "passed",
              "speed": "fast",
              "pass": true,
              "fail": false,
              "pending": false,
              "context": null,
              "code": "login(\"guilherme@email.com\", \"ruralSenha\");\ncy.wait(2000);\ncy.visit(\"http://localhost:3001/RegistrarReceitas\");\ncy.get('.sc-ZVgAE > .sc-ajmIN').select(\"2\");\ncy.get('.sc-byRyzU').type(\"666\");\ncy.get('.sc-dRlUCX').type(\"Teste de receita\");\ncy.get('[type=\"submit\"]').click();\ncy.wait(500);\ncy.get('.Toastify__toast-body').should('not.exist');",
              "err": {},
              "uuid": "e7e728b6-391c-4317-811a-91c22efe5eaf",
              "parentUUID": "7a653194-543d-4b98-b02e-95b4a0d04a95",
              "isHook": false,
              "skipped": false
            },
            {
              "title": "Rotas de cadastro de nova receita",
              "fullTitle": "Testes de cadastro de nova receita Rotas de cadastro de nova receita",
              "timedOut": null,
              "duration": 3207,
              "state": "passed",
              "speed": "fast",
              "pass": true,
              "fail": false,
              "pending": false,
              "context": null,
              "code": "login(\"guilherme@email.com\", \"ruralSenha\");\ncy.wait(2000);\ncy.visit(\"http://localhost:3001/RegistrarReceitas\");\ncy.get('.sc-jYWXzj > div > :nth-child(1)').click();\ncy.url().should(\"include\", \"http://localhost:3001/home\");",
              "err": {},
              "uuid": "20623113-6e2f-47d4-bfd8-c77752433894",
              "parentUUID": "7a653194-543d-4b98-b02e-95b4a0d04a95",
              "isHook": false,
              "skipped": false
            },
            {
              "title": "Cadastro de nova receita sem login",
              "fullTitle": "Testes de cadastro de nova receita Cadastro de nova receita sem login",
              "timedOut": null,
              "duration": 130,
              "state": "passed",
              "speed": "fast",
              "pass": true,
              "fail": false,
              "pending": false,
              "context": null,
              "code": "cy.visit(\"http://localhost:3001/registrarservico\");\ncy.url().should(\"include\", \"http://localhost:3001\");",
              "err": {},
              "uuid": "38169837-001e-46b0-9961-80e807cf8a3a",
              "parentUUID": "7a653194-543d-4b98-b02e-95b4a0d04a95",
              "isHook": false,
              "skipped": false
            }
          ],
          "suites": [],
          "passes": [
            "28c79785-45c6-42a9-8210-e10e181b665e",
            "32f2c972-58a2-47e2-a9e3-4dc74ecda1fd",
            "3c6123eb-6610-4b9a-a3ae-d8b087d47d11",
            "dccc7925-35bc-4c29-b86e-f5ed0bb11cd2",
            "e7e728b6-391c-4317-811a-91c22efe5eaf",
            "20623113-6e2f-47d4-bfd8-c77752433894",
            "38169837-001e-46b0-9961-80e807cf8a3a"
          ],
          "failures": [],
          "pending": [],
          "skipped": [],
          "duration": 26673,
          "root": false,
          "rootEmpty": false,
          "_timeout": 2000
        },
        {
          "uuid": "22fd6127-52b0-4307-811b-1bda2b5c814e",
          "title": "Testes de detalhes de serviços",
          "fullFile": "",
          "file": "",
          "beforeHooks": [],
          "afterHooks": [],
          "tests": [
            {
              "title": "Detalhes de serviços",
              "fullTitle": "Testes de detalhes de serviços Detalhes de serviços",
              "timedOut": null,
              "duration": 4327,
              "state": "passed",
              "speed": "fast",
              "pass": true,
              "fail": false,
              "pending": false,
              "context": null,
              "code": "login(\"guilherme@email.com\", \"ruralSenha\");\ncy.wait(2000);\ncy.visit(\"http://localhost:3001/servicedetails/63\");\ncy.get('.sc-etPtWW').should(\"contain\", \"Detalhes do Serviço\");\ncy.get(':nth-child(2) > .sc-txhaY').should(\"contain\", \"63\");\ncy.get('.sc-bKXUjo').should(\"contain\", \"Luizio Alves\");",
              "err": {},
              "uuid": "782f7ec8-9219-4df3-9858-53bbe02f415b",
              "parentUUID": "22fd6127-52b0-4307-811b-1bda2b5c814e",
              "isHook": false,
              "skipped": false
            },
            {
              "title": "Rotas de detalhes de serviços",
              "fullTitle": "Testes de detalhes de serviços Rotas de detalhes de serviços",
              "timedOut": null,
              "duration": 6400,
              "state": "passed",
              "speed": "medium",
              "pass": true,
              "fail": false,
              "pending": false,
              "context": null,
              "code": "login(\"guilherme@email.com\", \"ruralSenha\");\ncy.wait(2000);\ncy.visit(\"http://localhost:3001/servicedetails/\".concat(id_excluir_servico));\ncy.get('.sc-gohMHu > .sc-kLJHhQ').click();\ncy.url().should(\"include\", \"http://localhost:3001/home\");\ncy.visit(\"http://localhost:3001/servicedetails/\".concat(id_excluir_servico));\ncy.get('.sc-bKXUjo').click();\ncy.url().should(\"include\", \"http://localhost:3001/employeedetails/154\");\ncy.get('.sc-ikngxL').should(\"contain\", \"Detalhes do Funcionário\");\ncy.get(':nth-child(2) > .sc-kEsJEW').should(\"contain\", \"154\");\ncy.get(':nth-child(3) > .sc-kEsJEW').should(\"contain\", \"Silvio Vilela\");\ncy.visit(\"http://localhost:3001/servicedetails/\".concat(id_excluir_servico));\ncy.get('.sc-dSfWjt > :nth-child(2)').click();\ncy.url().should(\"include\", \"http://localhost:3001/services\");\ncy.visit(\"http://localhost:3001/servicedetails/\".concat(id_excluir_servico));\ncy.get('.sc-lgprfV').should(\"contain\", \"Erro ao carregar os detalhes do serviço.\");",
              "err": {},
              "uuid": "c3eeccb7-eb4f-45fa-bc87-a03314f78c49",
              "parentUUID": "22fd6127-52b0-4307-811b-1bda2b5c814e",
              "isHook": false,
              "skipped": false
            },
            {
              "title": "Detalhes de serviço inexistente",
              "fullTitle": "Testes de detalhes de serviços Detalhes de serviço inexistente",
              "timedOut": null,
              "duration": 3188,
              "state": "passed",
              "speed": "fast",
              "pass": true,
              "fail": false,
              "pending": false,
              "context": null,
              "code": "login(\"guilherme@email.com\", \"ruralSenha\");\ncy.wait(2000);\ncy.visit(\"http://localhost:3001/servicedetails/9999\");\ncy.get('.sc-lgprfV').should(\"contain\", \"Erro ao carregar os detalhes do serviço.\");",
              "err": {},
              "uuid": "18c37a64-ecec-4615-a928-1a74d01a82e4",
              "parentUUID": "22fd6127-52b0-4307-811b-1bda2b5c814e",
              "isHook": false,
              "skipped": false
            },
            {
              "title": "Detalhes de serviços sem login",
              "fullTitle": "Testes de detalhes de serviços Detalhes de serviços sem login",
              "timedOut": null,
              "duration": 143,
              "state": "passed",
              "speed": "fast",
              "pass": true,
              "fail": false,
              "pending": false,
              "context": null,
              "code": "cy.visit(\"http://localhost:3001/servicedetails/9999\");\ncy.url().should(\"include\", \"http://localhost:3001\");",
              "err": {},
              "uuid": "342741ad-5cd4-4a3b-b164-34b638b6b1fb",
              "parentUUID": "22fd6127-52b0-4307-811b-1bda2b5c814e",
              "isHook": false,
              "skipped": false
            }
          ],
          "suites": [],
          "passes": [
            "782f7ec8-9219-4df3-9858-53bbe02f415b",
            "c3eeccb7-eb4f-45fa-bc87-a03314f78c49",
            "18c37a64-ecec-4615-a928-1a74d01a82e4",
            "342741ad-5cd4-4a3b-b164-34b638b6b1fb"
          ],
          "failures": [],
          "pending": [],
          "skipped": [],
          "duration": 14058,
          "root": false,
          "rootEmpty": false,
          "_timeout": 2000
        },
        {
          "uuid": "7daf801a-3f47-42d4-bbfd-8ee8263b7861",
          "title": "Testes de gerenciamento de serviços",
          "fullFile": "",
          "file": "",
          "beforeHooks": [],
          "afterHooks": [],
          "tests": [
            {
              "title": "Gerenciamento de serviços",
              "fullTitle": "Testes de gerenciamento de serviços Gerenciamento de serviços",
              "timedOut": null,
              "duration": 3227,
              "state": "passed",
              "speed": "fast",
              "pass": true,
              "fail": false,
              "pending": false,
              "context": null,
              "code": "login(\"guilherme@email.com\", \"ruralSenha\");\ncy.wait(2000);\ncy.visit(\"http://localhost:3001/services\");\ncy.get('.sc-kyexYT').should(\"contain\", \"Gerenciamento de Serviços\");",
              "err": {},
              "uuid": "4d6f9c25-d834-4ea2-93d9-294b4716e19c",
              "parentUUID": "7daf801a-3f47-42d4-bbfd-8ee8263b7861",
              "isHook": false,
              "skipped": false
            },
            {
              "title": "Teste de busca por funcionário",
              "fullTitle": "Testes de gerenciamento de serviços Teste de busca por funcionário",
              "timedOut": null,
              "duration": 3664,
              "state": "passed",
              "speed": "fast",
              "pass": true,
              "fail": false,
              "pending": false,
              "context": null,
              "code": "login(\"guilherme@email.com\", \"ruralSenha\");\ncy.wait(2000);\ncy.visit(\"http://localhost:3001/services\");\ncy.get('.sc-fjBUEo').type(\"José Alencar\");\ncy.get('tbody > :nth-child(1) > :nth-child(3)').should(\"contain\", \"José Alencar\");",
              "err": {},
              "uuid": "3c53437a-b33f-422e-8f52-f1196ce57c63",
              "parentUUID": "7daf801a-3f47-42d4-bbfd-8ee8263b7861",
              "isHook": false,
              "skipped": false
            },
            {
              "title": "Teste de busca por serviço",
              "fullTitle": "Testes de gerenciamento de serviços Teste de busca por serviço",
              "timedOut": null,
              "duration": 4315,
              "state": "passed",
              "speed": "fast",
              "pass": true,
              "fail": false,
              "pending": false,
              "context": null,
              "code": "login(\"guilherme@email.com\", \"ruralSenha\");\ncy.wait(2000);\ncy.visit(\"http://localhost:3001/services\");\ncy.get('.sc-fjBUEo').type(\"Pescaria\");\ncy.get('tbody > :nth-child(1) > :nth-child(2)').should(\"contain\", \"Pescaria\");",
              "err": {},
              "uuid": "e3a36655-dc0a-4ee3-9704-ea1c1490f183",
              "parentUUID": "7daf801a-3f47-42d4-bbfd-8ee8263b7861",
              "isHook": false,
              "skipped": false
            },
            {
              "title": "Teste de busca por funcionário inexistente",
              "fullTitle": "Testes de gerenciamento de serviços Teste de busca por funcionário inexistente",
              "timedOut": null,
              "duration": 3347,
              "state": "passed",
              "speed": "fast",
              "pass": true,
              "fail": false,
              "pending": false,
              "context": null,
              "code": "login(\"guilherme@email.com\", \"ruralSenha\");\ncy.wait(2000);\ncy.visit(\"http://localhost:3001/services\");\ncy.get('.sc-fjBUEo').type(\"Inexistente\");\ncy.get('tbody > :nth-child(1) > :nth-child(3)').should(\"not.exist\");",
              "err": {},
              "uuid": "aa15eaee-3ee9-4bbc-982b-cf94715944ac",
              "parentUUID": "7daf801a-3f47-42d4-bbfd-8ee8263b7861",
              "isHook": false,
              "skipped": false
            },
            {
              "title": "Teste de busca por serviço inexistente",
              "fullTitle": "Testes de gerenciamento de serviços Teste de busca por serviço inexistente",
              "timedOut": null,
              "duration": 3327,
              "state": "passed",
              "speed": "fast",
              "pass": true,
              "fail": false,
              "pending": false,
              "context": null,
              "code": "login(\"guilherme@email.com\", \"ruralSenha\");\ncy.wait(2000);\ncy.visit(\"http://localhost:3001/services\");\ncy.get('.sc-fjBUEo').type(\"Inexistente\");\ncy.get('tbody > :nth-child(1) > :nth-child(2)').should(\"not.exist\");",
              "err": {},
              "uuid": "e7bf82f9-bf02-4c2e-8eff-98102e29714a",
              "parentUUID": "7daf801a-3f47-42d4-bbfd-8ee8263b7861",
              "isHook": false,
              "skipped": false
            },
            {
              "title": "Rotas de gerenciamento de serviços",
              "fullTitle": "Testes de gerenciamento de serviços Rotas de gerenciamento de serviços",
              "timedOut": null,
              "duration": 3148,
              "state": "passed",
              "speed": "fast",
              "pass": true,
              "fail": false,
              "pending": false,
              "context": null,
              "code": "login(\"guilherme@email.com\", \"ruralSenha\");\ncy.wait(2000);\ncy.visit(\"http://localhost:3001/services\");\ncy.get('.sc-boxNXC').click();\ncy.url().should(\"include\", \"http://localhost:3001/registrarservico\");",
              "err": {},
              "uuid": "d171d9f7-4c66-4cc4-9965-458652bccac1",
              "parentUUID": "7daf801a-3f47-42d4-bbfd-8ee8263b7861",
              "isHook": false,
              "skipped": false
            },
            {
              "title": "Gerenciamento de serviços sem login",
              "fullTitle": "Testes de gerenciamento de serviços Gerenciamento de serviços sem login",
              "timedOut": null,
              "duration": 130,
              "state": "passed",
              "speed": "fast",
              "pass": true,
              "fail": false,
              "pending": false,
              "context": null,
              "code": "cy.visit(\"http://localhost:3001/services\");\ncy.url().should(\"include\", \"http://localhost:3001\");",
              "err": {},
              "uuid": "54eabaef-764e-4658-9250-88c32a685e1b",
              "parentUUID": "7daf801a-3f47-42d4-bbfd-8ee8263b7861",
              "isHook": false,
              "skipped": false
            }
          ],
          "suites": [],
          "passes": [
            "4d6f9c25-d834-4ea2-93d9-294b4716e19c",
            "3c53437a-b33f-422e-8f52-f1196ce57c63",
            "e3a36655-dc0a-4ee3-9704-ea1c1490f183",
            "aa15eaee-3ee9-4bbc-982b-cf94715944ac",
            "e7bf82f9-bf02-4c2e-8eff-98102e29714a",
            "d171d9f7-4c66-4cc4-9965-458652bccac1",
            "54eabaef-764e-4658-9250-88c32a685e1b"
          ],
          "failures": [],
          "pending": [],
          "skipped": [],
          "duration": 21158,
          "root": false,
          "rootEmpty": false,
          "_timeout": 2000
        }
      ],
      "passes": [],
      "failures": [],
      "pending": [],
      "skipped": [],
      "duration": 0,
      "root": true,
      "rootEmpty": true,
      "_timeout": 2000
    }
  ],
  "meta": {
    "mocha": {
      "version": "7.0.1"
    },
    "mochawesome": {
      "options": {
        "quiet": false,
        "reportFilename": "mochawesome",
        "saveHtml": true,
        "saveJson": true,
        "consoleReporter": "spec",
        "useInlineDiffs": false,
        "code": true
      },
      "version": "7.1.3"
    },
    "marge": {
      "options": null,
      "version": "6.2.0"
    }
  }
}