TN:
SF:src\services\auth.js
FN:9,(anonymous_0)
FN:14,(anonymous_1)
FNF:2
FNH:0
FNDA:0,(anonymous_0)
FNDA:0,(anonymous_1)
DA:1,1
DA:2,1
DA:3,1
DA:5,1
DA:6,1
DA:9,1
DA:10,0
DA:14,1
DA:15,0
DA:18,1
LF:10
LH:8
BRF:0
BRH:0
end_of_record
TN:
SF:src\services\funcionario.js
FN:4,(anonymous_0)
FN:64,(anonymous_1)
FN:80,(anonymous_2)
FN:90,(anonymous_3)
FN:111,(anonymous_4)
FN:145,(anonymous_5)
FNF:6
FNH:6
FNDA:5,(anonymous_0)
FNDA:3,(anonymous_1)
FNDA:2,(anonymous_2)
FNDA:3,(anonymous_3)
FNDA:5,(anonymous_4)
FNDA:3,(anonymous_5)
DA:1,1
DA:2,1
DA:5,5
DA:7,5
DA:9,5
DA:18,1
DA:22,4
DA:26,4
DA:27,1
DA:33,3
DA:37,3
DA:38,1
DA:44,2
DA:54,2
DA:55,1
DA:59,1
DA:65,3
DA:66,3
DA:67,3
DA:69,2
DA:70,1
DA:72,1
DA:74,1
DA:75,1
DA:81,2
DA:82,2
DA:83,1
DA:85,1
DA:91,3
DA:92,3
DA:93,3
DA:97,2
DA:98,1
DA:101,1
DA:103,1
DA:105,1
DA:106,1
DA:112,5
DA:113,5
DA:115,5
DA:118,5
DA:120,5
DA:121,1
DA:124,4
DA:125,4
DA:126,4
DA:127,4
DA:128,4
DA:129,4
DA:130,4
DA:133,4
DA:134,3
DA:141,1
DA:146,3
DA:147,3
DA:150,3
DA:151,3
DA:152,1
DA:155,2
DA:158,1
DA:159,1
DA:161,1
DA:166,1
LF:63
LH:63
BRDA:9,0,0,1
BRDA:9,0,1,4
BRDA:10,1,0,5
BRDA:10,1,1,4
BRDA:10,1,2,4
BRDA:10,1,3,4
BRDA:10,1,4,4
BRDA:10,1,5,4
BRDA:10,1,6,4
BRDA:26,2,0,1
BRDA:26,2,1,3
BRDA:37,3,0,1
BRDA:37,3,1,2
BRDA:69,4,0,1
BRDA:69,4,1,1
BRDA:97,5,0,1
BRDA:97,5,1,1
BRDA:120,6,0,1
BRDA:120,6,1,4
BRDA:124,7,0,4
BRDA:124,7,1,1
BRDA:125,8,0,4
BRDA:125,8,1,4
BRDA:126,9,0,4
BRDA:126,9,1,4
BRDA:127,10,0,4
BRDA:127,10,1,4
BRDA:128,11,0,4
BRDA:128,11,1,4
BRDA:129,12,0,4
BRDA:129,12,1,4
BRDA:130,13,0,4
BRDA:130,13,1,4
BRDA:151,14,0,1
BRDA:151,14,1,2
BRF:35
BRH:35
end_of_record
TN:
SF:src\services\login.js
FN:7,(anonymous_0)
FNF:1
FNH:1
FNDA:5,(anonymous_0)
DA:1,1
DA:2,1
DA:3,1
DA:8,5
DA:10,5
DA:11,1
DA:14,4
DA:16,4
DA:20,3
DA:22,1
DA:26,2
DA:28,2
DA:29,1
DA:32,1
DA:35,1
DA:38,1
DA:39,1
DA:44,1
LF:18
LH:18
BRDA:10,0,0,1
BRDA:10,0,1,4
BRDA:10,1,0,5
BRDA:10,1,1,4
BRDA:20,2,0,1
BRDA:20,2,1,2
BRDA:28,3,0,1
BRDA:28,3,1,1
BRF:8
BRH:8
end_of_record
